
*** Running vivado
    with args -log CONTROLLOR_VHDL.vds -m64 -mode batch -messageDb vivado.pb -notrace -source CONTROLLOR_VHDL.tcl


****** Vivado v2015.3 (64-bit)
  **** SW Build 1368829 on Mon Sep 28 20:06:43 MDT 2015
  **** IP Build 1367837 on Mon Sep 28 08:56:14 MDT 2015
    ** Copyright 1986-2015 Xilinx, Inc. All Rights Reserved.

source CONTROLLOR_VHDL.tcl -notrace
Command: synth_design -top CONTROLLOR_VHDL -part xc7z010clg400-1
Starting synth_design
Attempting to get a license for feature 'Synthesis' and/or device 'xc7z010'
INFO: [Common 17-349] Got license for feature 'Synthesis' and/or device 'xc7z010'
---------------------------------------------------------------------------------
Starting RTL Elaboration : Time (s): cpu = 00:00:06 ; elapsed = 00:00:09 . Memory (MB): peak = 261.410 ; gain = 90.734
---------------------------------------------------------------------------------
INFO: [Synth 8-638] synthesizing module 'CONTROLLOR_VHDL' [C:/FPGAPrj/VIVADO/VIVADO/CONTROLLOR.srcs/sources_1/imports/CONTROLLOR/CONTROLLOR_VHDL.vhd:14]
INFO: [Synth 8-3491] module 'FILE_INPUT_VHDL' declared at 'C:/FPGAPrj/VIVADO/VIVADO/CONTROLLOR.srcs/sources_1/imports/CONTROLLOR/FILE_INPUT_VHDL.vhd:6' bound to instance 'FILE_INPUT' of component 'FILE_INPUT_VHDL' [C:/FPGAPrj/VIVADO/VIVADO/CONTROLLOR.srcs/sources_1/imports/CONTROLLOR/CONTROLLOR_VHDL.vhd:233]
INFO: [Synth 8-638] synthesizing module 'FILE_INPUT_VHDL' [C:/FPGAPrj/VIVADO/VIVADO/CONTROLLOR.srcs/sources_1/imports/CONTROLLOR/FILE_INPUT_VHDL.vhd:26]
PARSER ERROR
PARSER OK
INFO: [Synth 8-256] done synthesizing module 'FILE_INPUT_VHDL' (1#1) [C:/FPGAPrj/VIVADO/VIVADO/CONTROLLOR.srcs/sources_1/imports/CONTROLLOR/FILE_INPUT_VHDL.vhd:26]
INFO: [Synth 8-3491] module 'TEXT_INPUT_VHDL' declared at 'C:/FPGAPrj/VIVADO/VIVADO/CONTROLLOR.srcs/sources_1/imports/CONTROLLOR/TEXT_INPUT_VHDL.vhd:10' bound to instance 'TEXT_INPUT' of component 'TEXT_INPUT_VHDL' [C:/FPGAPrj/VIVADO/VIVADO/CONTROLLOR.srcs/sources_1/imports/CONTROLLOR/CONTROLLOR_VHDL.vhd:252]
INFO: [Synth 8-638] synthesizing module 'TEXT_INPUT_VHDL' [C:/FPGAPrj/VIVADO/VIVADO/CONTROLLOR.srcs/sources_1/imports/CONTROLLOR/TEXT_INPUT_VHDL.vhd:23]
INFO: [Synth 8-3491] module 'MEMORY_VHDL' declared at 'C:/FPGAPrj/VIVADO/VIVADO/CONTROLLOR.srcs/sources_1/imports/CONTROLLOR/MEMORY_VHDL.vhd:6' bound to instance 'MEMORY' of component 'MEMORY_VHDL' [C:/FPGAPrj/VIVADO/VIVADO/CONTROLLOR.srcs/sources_1/imports/CONTROLLOR/TEXT_INPUT_VHDL.vhd:68]
INFO: [Synth 8-638] synthesizing module 'MEMORY_VHDL' [C:/FPGAPrj/VIVADO/VIVADO/CONTROLLOR.srcs/sources_1/imports/CONTROLLOR/MEMORY_VHDL.vhd:16]
INFO: [Synth 8-256] done synthesizing module 'MEMORY_VHDL' (2#1) [C:/FPGAPrj/VIVADO/VIVADO/CONTROLLOR.srcs/sources_1/imports/CONTROLLOR/MEMORY_VHDL.vhd:16]
INFO: [Synth 8-256] done synthesizing module 'TEXT_INPUT_VHDL' (3#1) [C:/FPGAPrj/VIVADO/VIVADO/CONTROLLOR.srcs/sources_1/imports/CONTROLLOR/TEXT_INPUT_VHDL.vhd:23]
INFO: [Synth 8-3491] module 'STATE_CONTROLLOR_VHDL' declared at 'C:/FPGAPrj/VIVADO/VIVADO/CONTROLLOR.srcs/sources_1/imports/CONTROLLOR/STATE_CONTROLLOR_VHDL.vhd:5' bound to instance 'STATE_CONTROLLOR' of component 'STATE_CONTROLLOR_VHDL' [C:/FPGAPrj/VIVADO/VIVADO/CONTROLLOR.srcs/sources_1/imports/CONTROLLOR/CONTROLLOR_VHDL.vhd:265]
INFO: [Synth 8-638] synthesizing module 'STATE_CONTROLLOR_VHDL' [C:/FPGAPrj/VIVADO/VIVADO/CONTROLLOR.srcs/sources_1/imports/CONTROLLOR/STATE_CONTROLLOR_VHDL.vhd:20]
INFO: [Synth 8-256] done synthesizing module 'STATE_CONTROLLOR_VHDL' (4#1) [C:/FPGAPrj/VIVADO/VIVADO/CONTROLLOR.srcs/sources_1/imports/CONTROLLOR/STATE_CONTROLLOR_VHDL.vhd:20]
INFO: [Synth 8-3491] module 'BYTE_VHDL' declared at 'C:/FPGAPrj/VIVADO/VIVADO/CONTROLLOR.srcs/sources_1/imports/CONTROLLOR/BYTE_VHDL.vhd:6' bound to instance 'BYTE' of component 'BYTE_VHDL' [C:/FPGAPrj/VIVADO/VIVADO/CONTROLLOR.srcs/sources_1/imports/CONTROLLOR/CONTROLLOR_VHDL.vhd:279]
INFO: [Synth 8-638] synthesizing module 'BYTE_VHDL' [C:/FPGAPrj/VIVADO/VIVADO/CONTROLLOR.srcs/sources_1/imports/CONTROLLOR/BYTE_VHDL.vhd:16]
INFO: [Synth 8-256] done synthesizing module 'BYTE_VHDL' (5#1) [C:/FPGAPrj/VIVADO/VIVADO/CONTROLLOR.srcs/sources_1/imports/CONTROLLOR/BYTE_VHDL.vhd:16]
INFO: [Synth 8-3491] module 'SET_VHDL' declared at 'C:/FPGAPrj/VIVADO/VIVADO/CONTROLLOR.srcs/sources_1/imports/CONTROLLOR/SET_VHDL.vhd:6' bound to instance 'SET' of component 'SET_VHDL' [C:/FPGAPrj/VIVADO/VIVADO/CONTROLLOR.srcs/sources_1/imports/CONTROLLOR/CONTROLLOR_VHDL.vhd:288]
INFO: [Synth 8-638] synthesizing module 'SET_VHDL' [C:/FPGAPrj/VIVADO/VIVADO/CONTROLLOR.srcs/sources_1/imports/CONTROLLOR/SET_VHDL.vhd:18]
INFO: [Synth 8-256] done synthesizing module 'SET_VHDL' (6#1) [C:/FPGAPrj/VIVADO/VIVADO/CONTROLLOR.srcs/sources_1/imports/CONTROLLOR/SET_VHDL.vhd:18]
INFO: [Synth 8-3491] module 'RSET_VHDL' declared at 'C:/FPGAPrj/VIVADO/VIVADO/CONTROLLOR.srcs/sources_1/imports/CONTROLLOR/RSET_VHDL.vhd:6' bound to instance 'RSET' of component 'RSET_VHDL' [C:/FPGAPrj/VIVADO/VIVADO/CONTROLLOR.srcs/sources_1/imports/CONTROLLOR/CONTROLLOR_VHDL.vhd:298]
INFO: [Synth 8-638] synthesizing module 'RSET_VHDL' [C:/FPGAPrj/VIVADO/VIVADO/CONTROLLOR.srcs/sources_1/imports/CONTROLLOR/RSET_VHDL.vhd:18]
INFO: [Synth 8-256] done synthesizing module 'RSET_VHDL' (7#1) [C:/FPGAPrj/VIVADO/VIVADO/CONTROLLOR.srcs/sources_1/imports/CONTROLLOR/RSET_VHDL.vhd:18]
INFO: [Synth 8-3491] module 'OBYTE_VHDL' declared at 'C:/FPGAPrj/VIVADO/VIVADO/CONTROLLOR.srcs/sources_1/imports/CONTROLLOR/OBYTE_VHDL.vhd:6' bound to instance 'OBYTE' of component 'OBYTE_VHDL' [C:/FPGAPrj/VIVADO/VIVADO/CONTROLLOR.srcs/sources_1/imports/CONTROLLOR/CONTROLLOR_VHDL.vhd:308]
INFO: [Synth 8-638] synthesizing module 'OBYTE_VHDL' [C:/FPGAPrj/VIVADO/VIVADO/CONTROLLOR.srcs/sources_1/imports/CONTROLLOR/OBYTE_VHDL.vhd:15]
INFO: [Synth 8-256] done synthesizing module 'OBYTE_VHDL' (8#1) [C:/FPGAPrj/VIVADO/VIVADO/CONTROLLOR.srcs/sources_1/imports/CONTROLLOR/OBYTE_VHDL.vhd:15]
INFO: [Synth 8-3491] module 'STR_VHDL' declared at 'C:/FPGAPrj/VIVADO/VIVADO/CONTROLLOR.srcs/sources_1/imports/CONTROLLOR/STR_VHDL.vhd:5' bound to instance 'STR' of component 'STR_VHDL' [C:/FPGAPrj/VIVADO/VIVADO/CONTROLLOR.srcs/sources_1/imports/CONTROLLOR/CONTROLLOR_VHDL.vhd:315]
INFO: [Synth 8-638] synthesizing module 'STR_VHDL' [C:/FPGAPrj/VIVADO/VIVADO/CONTROLLOR.srcs/sources_1/imports/CONTROLLOR/STR_VHDL.vhd:15]
INFO: [Synth 8-256] done synthesizing module 'STR_VHDL' (9#1) [C:/FPGAPrj/VIVADO/VIVADO/CONTROLLOR.srcs/sources_1/imports/CONTROLLOR/STR_VHDL.vhd:15]
INFO: [Synth 8-3491] module 'NANY_VHDL' declared at 'C:/FPGAPrj/VIVADO/VIVADO/CONTROLLOR.srcs/sources_1/imports/CONTROLLOR/NANY_VHDL.vhd:5' bound to instance 'NANY' of component 'NANY_VHDL' [C:/FPGAPrj/VIVADO/VIVADO/CONTROLLOR.srcs/sources_1/imports/CONTROLLOR/CONTROLLOR_VHDL.vhd:323]
INFO: [Synth 8-638] synthesizing module 'NANY_VHDL' [C:/FPGAPrj/VIVADO/VIVADO/CONTROLLOR.srcs/sources_1/imports/CONTROLLOR/NANY_VHDL.vhd:14]
INFO: [Synth 8-256] done synthesizing module 'NANY_VHDL' (10#1) [C:/FPGAPrj/VIVADO/VIVADO/CONTROLLOR.srcs/sources_1/imports/CONTROLLOR/NANY_VHDL.vhd:14]
INFO: [Synth 8-256] done synthesizing module 'CONTROLLOR_VHDL' (11#1) [C:/FPGAPrj/VIVADO/VIVADO/CONTROLLOR.srcs/sources_1/imports/CONTROLLOR/CONTROLLOR_VHDL.vhd:14]
---------------------------------------------------------------------------------
Finished RTL Elaboration : Time (s): cpu = 00:00:29 ; elapsed = 00:00:34 . Memory (MB): peak = 338.223 ; gain = 167.547
---------------------------------------------------------------------------------

Report Check Netlist: 
+------+------------------+-------+---------+-------+------------------+
|      |Item              |Errors |Warnings |Status |Description       |
+------+------------------+-------+---------+-------+------------------+
|1     |multi_driven_nets |      0|        0|Passed |Multi driven nets |
+------+------------------+-------+---------+-------+------------------+
---------------------------------------------------------------------------------
Finished RTL Optimization Phase 1 : Time (s): cpu = 00:00:30 ; elapsed = 00:00:35 . Memory (MB): peak = 338.223 ; gain = 167.547
---------------------------------------------------------------------------------
INFO: [Device 21-403] Loading part xc7z010clg400-1
INFO: [Project 1-570] Preparing netlist for logic optimization

Processing XDC Constraints
Initializing timing engine
Parsing XDC File [C:/FPGAPrj/VIVADO/VIVADO/CONTROLLOR.srcs/constrs_1/new/controllor.xdc]
WARNING: [Vivado 12-584] No ports matched 'PARSER_ERROR'. [C:/FPGAPrj/VIVADO/VIVADO/CONTROLLOR.srcs/constrs_1/new/controllor.xdc:48]
CRITICAL WARNING: [Common 17-55] 'set_property' expects at least one object. [C:/FPGAPrj/VIVADO/VIVADO/CONTROLLOR.srcs/constrs_1/new/controllor.xdc:48]
Resolution: If [get_<value>] was used to populate the object, check to make sure this command returns at least one valid object.
WARNING: [Vivado 12-584] No ports matched 'PARSER_ERROR'. [C:/FPGAPrj/VIVADO/VIVADO/CONTROLLOR.srcs/constrs_1/new/controllor.xdc:49]
CRITICAL WARNING: [Common 17-55] 'set_property' expects at least one object. [C:/FPGAPrj/VIVADO/VIVADO/CONTROLLOR.srcs/constrs_1/new/controllor.xdc:49]
Resolution: If [get_<value>] was used to populate the object, check to make sure this command returns at least one valid object.
Finished Parsing XDC File [C:/FPGAPrj/VIVADO/VIVADO/CONTROLLOR.srcs/constrs_1/new/controllor.xdc]
INFO: [Project 1-236] Implementation specific constraints were found while reading constraint file [C:/FPGAPrj/VIVADO/VIVADO/CONTROLLOR.srcs/constrs_1/new/controllor.xdc]. These constraints will be ignored for synthesis but will be used in implementation. Impacted constraints are listed in the file [.Xil/CONTROLLOR_VHDL_propImpl.xdc].
Resolution: To avoid this warning, move constraints listed in [.Xil/CONTROLLOR_VHDL_propImpl.xdc] to another XDC file and exclude this new file from synthesis with the used_in_synthesis property (File Properties dialog in GUI) and re-run elaboration/synthesis.
Completed Processing XDC Constraints

INFO: [Project 1-111] Unisim Transformation Summary:
No Unisim elements were transformed.

Constraint Validation Runtime : Time (s): cpu = 00:00:00 ; elapsed = 00:00:00.028 . Memory (MB): peak = 665.496 ; gain = 0.000
---------------------------------------------------------------------------------
Finished Constraint Validation : Time (s): cpu = 00:00:48 ; elapsed = 00:00:56 . Memory (MB): peak = 665.496 ; gain = 494.820
---------------------------------------------------------------------------------
---------------------------------------------------------------------------------
Start Loading Part and Timing Information
---------------------------------------------------------------------------------
Loading part: xc7z010clg400-1
---------------------------------------------------------------------------------
Finished Loading Part and Timing Information : Time (s): cpu = 00:00:48 ; elapsed = 00:00:56 . Memory (MB): peak = 665.496 ; gain = 494.820
---------------------------------------------------------------------------------
---------------------------------------------------------------------------------
Start Applying 'set_property' XDC Constraints
---------------------------------------------------------------------------------
---------------------------------------------------------------------------------
Finished applying 'set_property' XDC Constraints : Time (s): cpu = 00:00:49 ; elapsed = 00:00:56 . Memory (MB): peak = 665.496 ; gain = 494.820
---------------------------------------------------------------------------------
INFO: [Synth 8-4471] merging register 'command_array_reg[1][save][31:0]' into 'command_array_reg[1][next_cmd][31:0]' [C:/FPGAPrj/VIVADO/VIVADO/CONTROLLOR.srcs/sources_1/imports/CONTROLLOR/FILE_INPUT_VHDL.vhd:143]
INFO: [Synth 8-4471] merging register 'command_array_reg[2][char_second][7:0]' into 'command_array_reg[2][char_first][7:0]' [C:/FPGAPrj/VIVADO/VIVADO/CONTROLLOR.srcs/sources_1/imports/CONTROLLOR/FILE_INPUT_VHDL.vhd:143]
INFO: [Synth 8-4471] merging register 'command_array_reg[2][option][31:0]' into 'command_array_reg[1][next_cmd][31:0]' [C:/FPGAPrj/VIVADO/VIVADO/CONTROLLOR.srcs/sources_1/imports/CONTROLLOR/FILE_INPUT_VHDL.vhd:143]
INFO: [Synth 8-4471] merging register 'command_array_reg[3][id][31:0]' into 'command_array_reg[1][id][31:0]' [C:/FPGAPrj/VIVADO/VIVADO/CONTROLLOR.srcs/sources_1/imports/CONTROLLOR/FILE_INPUT_VHDL.vhd:143]
INFO: [Synth 8-4471] merging register 'command_array_reg[3][save][31:0]' into 'command_array_reg[1][next_cmd][31:0]' [C:/FPGAPrj/VIVADO/VIVADO/CONTROLLOR.srcs/sources_1/imports/CONTROLLOR/FILE_INPUT_VHDL.vhd:143]
INFO: [Synth 8-4471] merging register 'command_array_reg[3][next_cmd][31:0]' into 'command_array_reg[1][next_cmd][31:0]' [C:/FPGAPrj/VIVADO/VIVADO/CONTROLLOR.srcs/sources_1/imports/CONTROLLOR/FILE_INPUT_VHDL.vhd:143]
INFO: [Synth 8-4471] merging register 'command_array_reg[3][char_first][7:0]' into 'command_array_reg[1][char_first][7:0]' [C:/FPGAPrj/VIVADO/VIVADO/CONTROLLOR.srcs/sources_1/imports/CONTROLLOR/FILE_INPUT_VHDL.vhd:143]
INFO: [Synth 8-4471] merging register 'command_array_reg[3][char_second][7:0]' into 'command_array_reg[1][char_second][7:0]' [C:/FPGAPrj/VIVADO/VIVADO/CONTROLLOR.srcs/sources_1/imports/CONTROLLOR/FILE_INPUT_VHDL.vhd:143]
INFO: [Synth 8-4471] merging register 'command_array_reg[3][option][31:0]' into 'command_array_reg[1][option][31:0]' [C:/FPGAPrj/VIVADO/VIVADO/CONTROLLOR.srcs/sources_1/imports/CONTROLLOR/FILE_INPUT_VHDL.vhd:143]
INFO: [Synth 8-4471] merging register 'command_array_reg[4][save][31:0]' into 'command_array_reg[1][next_cmd][31:0]' [C:/FPGAPrj/VIVADO/VIVADO/CONTROLLOR.srcs/sources_1/imports/CONTROLLOR/FILE_INPUT_VHDL.vhd:143]
INFO: [Synth 8-4471] merging register 'command_array_reg[4][next_cmd][31:0]' into 'command_array_reg[1][next_cmd][31:0]' [C:/FPGAPrj/VIVADO/VIVADO/CONTROLLOR.srcs/sources_1/imports/CONTROLLOR/FILE_INPUT_VHDL.vhd:143]
INFO: [Synth 8-4471] merging register 'command_array_reg[4][char_first][7:0]' into 'command_array_reg[2][char_first][7:0]' [C:/FPGAPrj/VIVADO/VIVADO/CONTROLLOR.srcs/sources_1/imports/CONTROLLOR/FILE_INPUT_VHDL.vhd:143]
INFO: [Synth 8-4471] merging register 'command_array_reg[4][char_second][7:0]' into 'command_array_reg[2][char_first][7:0]' [C:/FPGAPrj/VIVADO/VIVADO/CONTROLLOR.srcs/sources_1/imports/CONTROLLOR/FILE_INPUT_VHDL.vhd:143]
INFO: [Synth 8-4471] merging register 'command_array_reg[4][option][31:0]' into 'command_array_reg[1][next_cmd][31:0]' [C:/FPGAPrj/VIVADO/VIVADO/CONTROLLOR.srcs/sources_1/imports/CONTROLLOR/FILE_INPUT_VHDL.vhd:143]
INFO: [Synth 8-4471] merging register 'command_array_reg[5][save][31:0]' into 'command_array_reg[1][next_cmd][31:0]' [C:/FPGAPrj/VIVADO/VIVADO/CONTROLLOR.srcs/sources_1/imports/CONTROLLOR/FILE_INPUT_VHDL.vhd:143]
INFO: [Synth 8-4471] merging register 'command_array_reg[5][next_cmd][31:0]' into 'command_array_reg[1][next_cmd][31:0]' [C:/FPGAPrj/VIVADO/VIVADO/CONTROLLOR.srcs/sources_1/imports/CONTROLLOR/FILE_INPUT_VHDL.vhd:143]
INFO: [Synth 8-4471] merging register 'command_array_reg[5][char_first][7:0]' into 'command_array_reg[2][char_first][7:0]' [C:/FPGAPrj/VIVADO/VIVADO/CONTROLLOR.srcs/sources_1/imports/CONTROLLOR/FILE_INPUT_VHDL.vhd:143]
INFO: [Synth 8-4471] merging register 'command_array_reg[5][char_second][7:0]' into 'command_array_reg[2][char_first][7:0]' [C:/FPGAPrj/VIVADO/VIVADO/CONTROLLOR.srcs/sources_1/imports/CONTROLLOR/FILE_INPUT_VHDL.vhd:143]
INFO: [Synth 8-4471] merging register 'command_array_reg[5][option][31:0]' into 'command_array_reg[1][next_cmd][31:0]' [C:/FPGAPrj/VIVADO/VIVADO/CONTROLLOR.srcs/sources_1/imports/CONTROLLOR/FILE_INPUT_VHDL.vhd:143]
INFO: [Synth 8-4471] merging register 'command_array_reg[6][id][31:0]' into 'command_array_reg[1][next_cmd][31:0]' [C:/FPGAPrj/VIVADO/VIVADO/CONTROLLOR.srcs/sources_1/imports/CONTROLLOR/FILE_INPUT_VHDL.vhd:143]
INFO: [Synth 8-4471] merging register 'command_array_reg[6][save][31:0]' into 'command_array_reg[1][next_cmd][31:0]' [C:/FPGAPrj/VIVADO/VIVADO/CONTROLLOR.srcs/sources_1/imports/CONTROLLOR/FILE_INPUT_VHDL.vhd:143]
INFO: [Synth 8-4471] merging register 'command_array_reg[6][next_cmd][31:0]' into 'command_array_reg[1][next_cmd][31:0]' [C:/FPGAPrj/VIVADO/VIVADO/CONTROLLOR.srcs/sources_1/imports/CONTROLLOR/FILE_INPUT_VHDL.vhd:143]
INFO: [Synth 8-4471] merging register 'command_array_reg[6][char_first][7:0]' into 'command_array_reg[2][char_first][7:0]' [C:/FPGAPrj/VIVADO/VIVADO/CONTROLLOR.srcs/sources_1/imports/CONTROLLOR/FILE_INPUT_VHDL.vhd:143]
INFO: [Synth 8-4471] merging register 'command_array_reg[6][char_second][7:0]' into 'command_array_reg[2][char_first][7:0]' [C:/FPGAPrj/VIVADO/VIVADO/CONTROLLOR.srcs/sources_1/imports/CONTROLLOR/FILE_INPUT_VHDL.vhd:143]
INFO: [Synth 8-4471] merging register 'command_array_reg[6][option][31:0]' into 'command_array_reg[1][next_cmd][31:0]' [C:/FPGAPrj/VIVADO/VIVADO/CONTROLLOR.srcs/sources_1/imports/CONTROLLOR/FILE_INPUT_VHDL.vhd:143]
INFO: [Synth 8-4471] merging register 'command_array_reg[7][save][31:0]' into 'command_array_reg[1][next_cmd][31:0]' [C:/FPGAPrj/VIVADO/VIVADO/CONTROLLOR.srcs/sources_1/imports/CONTROLLOR/FILE_INPUT_VHDL.vhd:143]
INFO: [Synth 8-4471] merging register 'command_array_reg[7][next_cmd][31:0]' into 'command_array_reg[1][next_cmd][31:0]' [C:/FPGAPrj/VIVADO/VIVADO/CONTROLLOR.srcs/sources_1/imports/CONTROLLOR/FILE_INPUT_VHDL.vhd:143]
INFO: [Synth 8-4471] merging register 'command_array_reg[7][char_first][7:0]' into 'command_array_reg[2][char_first][7:0]' [C:/FPGAPrj/VIVADO/VIVADO/CONTROLLOR.srcs/sources_1/imports/CONTROLLOR/FILE_INPUT_VHDL.vhd:143]
INFO: [Synth 8-4471] merging register 'command_array_reg[7][char_second][7:0]' into 'command_array_reg[2][char_first][7:0]' [C:/FPGAPrj/VIVADO/VIVADO/CONTROLLOR.srcs/sources_1/imports/CONTROLLOR/FILE_INPUT_VHDL.vhd:143]
INFO: [Synth 8-4471] merging register 'command_array_reg[7][option][31:0]' into 'command_array_reg[1][next_cmd][31:0]' [C:/FPGAPrj/VIVADO/VIVADO/CONTROLLOR.srcs/sources_1/imports/CONTROLLOR/FILE_INPUT_VHDL.vhd:143]
INFO: [Synth 8-4471] merging register 'command_array_reg[8][save][31:0]' into 'command_array_reg[1][next_cmd][31:0]' [C:/FPGAPrj/VIVADO/VIVADO/CONTROLLOR.srcs/sources_1/imports/CONTROLLOR/FILE_INPUT_VHDL.vhd:143]
INFO: [Synth 8-4471] merging register 'command_array_reg[8][next_cmd][31:0]' into 'command_array_reg[1][next_cmd][31:0]' [C:/FPGAPrj/VIVADO/VIVADO/CONTROLLOR.srcs/sources_1/imports/CONTROLLOR/FILE_INPUT_VHDL.vhd:143]
INFO: [Synth 8-4471] merging register 'command_array_reg[8][char_first][7:0]' into 'command_array_reg[2][char_first][7:0]' [C:/FPGAPrj/VIVADO/VIVADO/CONTROLLOR.srcs/sources_1/imports/CONTROLLOR/FILE_INPUT_VHDL.vhd:143]
INFO: [Synth 8-4471] merging register 'command_array_reg[8][char_second][7:0]' into 'command_array_reg[2][char_first][7:0]' [C:/FPGAPrj/VIVADO/VIVADO/CONTROLLOR.srcs/sources_1/imports/CONTROLLOR/FILE_INPUT_VHDL.vhd:143]
INFO: [Synth 8-4471] merging register 'command_array_reg[8][option][31:0]' into 'command_array_reg[1][next_cmd][31:0]' [C:/FPGAPrj/VIVADO/VIVADO/CONTROLLOR.srcs/sources_1/imports/CONTROLLOR/FILE_INPUT_VHDL.vhd:143]
INFO: [Synth 8-4471] merging register 'command_array_reg[9][id][31:0]' into 'command_array_reg[2][id][31:0]' [C:/FPGAPrj/VIVADO/VIVADO/CONTROLLOR.srcs/sources_1/imports/CONTROLLOR/FILE_INPUT_VHDL.vhd:143]
INFO: [Synth 8-4471] merging register 'command_array_reg[9][char_first][7:0]' into 'command_array_reg[2][char_first][7:0]' [C:/FPGAPrj/VIVADO/VIVADO/CONTROLLOR.srcs/sources_1/imports/CONTROLLOR/FILE_INPUT_VHDL.vhd:143]
INFO: [Synth 8-4471] merging register 'command_array_reg[9][char_second][7:0]' into 'command_array_reg[2][char_first][7:0]' [C:/FPGAPrj/VIVADO/VIVADO/CONTROLLOR.srcs/sources_1/imports/CONTROLLOR/FILE_INPUT_VHDL.vhd:143]
INFO: [Synth 8-4471] merging register 'command_array_reg[9][option][31:0]' into 'command_array_reg[1][next_cmd][31:0]' [C:/FPGAPrj/VIVADO/VIVADO/CONTROLLOR.srcs/sources_1/imports/CONTROLLOR/FILE_INPUT_VHDL.vhd:143]
INFO: [Synth 8-4471] merging register 'command_array_reg[10][id][31:0]' into 'command_array_reg[5][id][31:0]' [C:/FPGAPrj/VIVADO/VIVADO/CONTROLLOR.srcs/sources_1/imports/CONTROLLOR/FILE_INPUT_VHDL.vhd:143]
INFO: [Synth 8-4471] merging register 'command_array_reg[10][save][31:0]' into 'command_array_reg[1][next_cmd][31:0]' [C:/FPGAPrj/VIVADO/VIVADO/CONTROLLOR.srcs/sources_1/imports/CONTROLLOR/FILE_INPUT_VHDL.vhd:143]
INFO: [Synth 8-4471] merging register 'command_array_reg[10][next_cmd][31:0]' into 'command_array_reg[1][next_cmd][31:0]' [C:/FPGAPrj/VIVADO/VIVADO/CONTROLLOR.srcs/sources_1/imports/CONTROLLOR/FILE_INPUT_VHDL.vhd:143]
INFO: [Synth 8-4471] merging register 'command_array_reg[10][char_first][7:0]' into 'command_array_reg[2][char_first][7:0]' [C:/FPGAPrj/VIVADO/VIVADO/CONTROLLOR.srcs/sources_1/imports/CONTROLLOR/FILE_INPUT_VHDL.vhd:143]
INFO: [Synth 8-4471] merging register 'command_array_reg[10][char_second][7:0]' into 'command_array_reg[2][char_first][7:0]' [C:/FPGAPrj/VIVADO/VIVADO/CONTROLLOR.srcs/sources_1/imports/CONTROLLOR/FILE_INPUT_VHDL.vhd:143]
INFO: [Synth 8-4471] merging register 'command_array_reg[10][option][31:0]' into 'command_array_reg[1][next_cmd][31:0]' [C:/FPGAPrj/VIVADO/VIVADO/CONTROLLOR.srcs/sources_1/imports/CONTROLLOR/FILE_INPUT_VHDL.vhd:143]
INFO: [Synth 8-4471] merging register 'command_array_reg[11][save][31:0]' into 'command_array_reg[1][next_cmd][31:0]' [C:/FPGAPrj/VIVADO/VIVADO/CONTROLLOR.srcs/sources_1/imports/CONTROLLOR/FILE_INPUT_VHDL.vhd:143]
INFO: [Synth 8-4471] merging register 'command_array_reg[11][next_cmd][31:0]' into 'command_array_reg[1][next_cmd][31:0]' [C:/FPGAPrj/VIVADO/VIVADO/CONTROLLOR.srcs/sources_1/imports/CONTROLLOR/FILE_INPUT_VHDL.vhd:143]
INFO: [Synth 8-4471] merging register 'command_array_reg[11][char_second][7:0]' into 'command_array_reg[2][char_first][7:0]' [C:/FPGAPrj/VIVADO/VIVADO/CONTROLLOR.srcs/sources_1/imports/CONTROLLOR/FILE_INPUT_VHDL.vhd:143]
INFO: [Synth 8-4471] merging register 'command_array_reg[11][option][31:0]' into 'command_array_reg[1][next_cmd][31:0]' [C:/FPGAPrj/VIVADO/VIVADO/CONTROLLOR.srcs/sources_1/imports/CONTROLLOR/FILE_INPUT_VHDL.vhd:143]
INFO: [Synth 8-4471] merging register 'command_array_reg[12][id][31:0]' into 'command_array_reg[7][id][31:0]' [C:/FPGAPrj/VIVADO/VIVADO/CONTROLLOR.srcs/sources_1/imports/CONTROLLOR/FILE_INPUT_VHDL.vhd:143]
INFO: [Synth 8-4471] merging register 'command_array_reg[12][save][31:0]' into 'command_array_reg[1][next_cmd][31:0]' [C:/FPGAPrj/VIVADO/VIVADO/CONTROLLOR.srcs/sources_1/imports/CONTROLLOR/FILE_INPUT_VHDL.vhd:143]
INFO: [Synth 8-4471] merging register 'command_array_reg[12][next_cmd][31:0]' into 'command_array_reg[1][next_cmd][31:0]' [C:/FPGAPrj/VIVADO/VIVADO/CONTROLLOR.srcs/sources_1/imports/CONTROLLOR/FILE_INPUT_VHDL.vhd:143]
INFO: [Synth 8-4471] merging register 'command_array_reg[12][char_first][7:0]' into 'command_array_reg[2][char_first][7:0]' [C:/FPGAPrj/VIVADO/VIVADO/CONTROLLOR.srcs/sources_1/imports/CONTROLLOR/FILE_INPUT_VHDL.vhd:143]
INFO: [Synth 8-4471] merging register 'command_array_reg[12][char_second][7:0]' into 'command_array_reg[2][char_first][7:0]' [C:/FPGAPrj/VIVADO/VIVADO/CONTROLLOR.srcs/sources_1/imports/CONTROLLOR/FILE_INPUT_VHDL.vhd:143]
INFO: [Synth 8-4471] merging register 'command_array_reg[12][option][31:0]' into 'command_array_reg[1][next_cmd][31:0]' [C:/FPGAPrj/VIVADO/VIVADO/CONTROLLOR.srcs/sources_1/imports/CONTROLLOR/FILE_INPUT_VHDL.vhd:143]
INFO: [Synth 8-4471] merging register 'command_array_reg[13][save][31:0]' into 'command_array_reg[1][next_cmd][31:0]' [C:/FPGAPrj/VIVADO/VIVADO/CONTROLLOR.srcs/sources_1/imports/CONTROLLOR/FILE_INPUT_VHDL.vhd:143]
INFO: [Synth 8-4471] merging register 'command_array_reg[13][next_cmd][31:0]' into 'command_array_reg[1][next_cmd][31:0]' [C:/FPGAPrj/VIVADO/VIVADO/CONTROLLOR.srcs/sources_1/imports/CONTROLLOR/FILE_INPUT_VHDL.vhd:143]
INFO: [Synth 8-4471] merging register 'command_array_reg[13][char_second][7:0]' into 'command_array_reg[2][char_first][7:0]' [C:/FPGAPrj/VIVADO/VIVADO/CONTROLLOR.srcs/sources_1/imports/CONTROLLOR/FILE_INPUT_VHDL.vhd:143]
INFO: [Synth 8-4471] merging register 'command_array_reg[13][option][31:0]' into 'command_array_reg[1][next_cmd][31:0]' [C:/FPGAPrj/VIVADO/VIVADO/CONTROLLOR.srcs/sources_1/imports/CONTROLLOR/FILE_INPUT_VHDL.vhd:143]
INFO: [Synth 8-4471] merging register 'command_array_reg[14][id][31:0]' into 'command_array_reg[7][id][31:0]' [C:/FPGAPrj/VIVADO/VIVADO/CONTROLLOR.srcs/sources_1/imports/CONTROLLOR/FILE_INPUT_VHDL.vhd:143]
INFO: [Synth 8-4471] merging register 'command_array_reg[14][save][31:0]' into 'command_array_reg[1][next_cmd][31:0]' [C:/FPGAPrj/VIVADO/VIVADO/CONTROLLOR.srcs/sources_1/imports/CONTROLLOR/FILE_INPUT_VHDL.vhd:143]
INFO: [Synth 8-4471] merging register 'command_array_reg[14][next_cmd][31:0]' into 'command_array_reg[1][next_cmd][31:0]' [C:/FPGAPrj/VIVADO/VIVADO/CONTROLLOR.srcs/sources_1/imports/CONTROLLOR/FILE_INPUT_VHDL.vhd:143]
INFO: [Synth 8-4471] merging register 'command_array_reg[14][char_first][7:0]' into 'command_array_reg[2][char_first][7:0]' [C:/FPGAPrj/VIVADO/VIVADO/CONTROLLOR.srcs/sources_1/imports/CONTROLLOR/FILE_INPUT_VHDL.vhd:143]
INFO: [Synth 8-4471] merging register 'command_array_reg[14][char_second][7:0]' into 'command_array_reg[2][char_first][7:0]' [C:/FPGAPrj/VIVADO/VIVADO/CONTROLLOR.srcs/sources_1/imports/CONTROLLOR/FILE_INPUT_VHDL.vhd:143]
INFO: [Synth 8-4471] merging register 'command_array_reg[14][option][31:0]' into 'command_array_reg[1][next_cmd][31:0]' [C:/FPGAPrj/VIVADO/VIVADO/CONTROLLOR.srcs/sources_1/imports/CONTROLLOR/FILE_INPUT_VHDL.vhd:143]
INFO: [Synth 8-4471] merging register 'command_array_reg[15][id][31:0]' into 'command_array_reg[1][id][31:0]' [C:/FPGAPrj/VIVADO/VIVADO/CONTROLLOR.srcs/sources_1/imports/CONTROLLOR/FILE_INPUT_VHDL.vhd:143]
INFO: [Synth 8-4471] merging register 'command_array_reg[15][save][31:0]' into 'command_array_reg[1][next_cmd][31:0]' [C:/FPGAPrj/VIVADO/VIVADO/CONTROLLOR.srcs/sources_1/imports/CONTROLLOR/FILE_INPUT_VHDL.vhd:143]
INFO: [Synth 8-4471] merging register 'command_array_reg[9][save][31:0]' into 'command_array_reg[15][next_cmd][31:0]' [C:/FPGAPrj/VIVADO/VIVADO/CONTROLLOR.srcs/sources_1/imports/CONTROLLOR/FILE_INPUT_VHDL.vhd:143]
INFO: [Synth 8-4471] merging register 'command_array_reg[15][char_first][7:0]' into 'command_array_reg[1][char_first][7:0]' [C:/FPGAPrj/VIVADO/VIVADO/CONTROLLOR.srcs/sources_1/imports/CONTROLLOR/FILE_INPUT_VHDL.vhd:143]
INFO: [Synth 8-4471] merging register 'command_array_reg[15][char_second][7:0]' into 'command_array_reg[1][char_second][7:0]' [C:/FPGAPrj/VIVADO/VIVADO/CONTROLLOR.srcs/sources_1/imports/CONTROLLOR/FILE_INPUT_VHDL.vhd:143]
INFO: [Synth 8-4471] merging register 'command_array_reg[15][option][31:0]' into 'command_array_reg[1][next_cmd][31:0]' [C:/FPGAPrj/VIVADO/VIVADO/CONTROLLOR.srcs/sources_1/imports/CONTROLLOR/FILE_INPUT_VHDL.vhd:143]
INFO: [Synth 8-4471] merging register 'command_array_reg[16][id][31:0]' into 'command_array_reg[15][next_cmd][31:0]' [C:/FPGAPrj/VIVADO/VIVADO/CONTROLLOR.srcs/sources_1/imports/CONTROLLOR/FILE_INPUT_VHDL.vhd:143]
INFO: [Synth 8-4471] merging register 'command_array_reg[16][save][31:0]' into 'command_array_reg[5][id][31:0]' [C:/FPGAPrj/VIVADO/VIVADO/CONTROLLOR.srcs/sources_1/imports/CONTROLLOR/FILE_INPUT_VHDL.vhd:143]
INFO: [Synth 8-4471] merging register 'command_array_reg[16][next_cmd][31:0]' into 'command_array_reg[1][next_cmd][31:0]' [C:/FPGAPrj/VIVADO/VIVADO/CONTROLLOR.srcs/sources_1/imports/CONTROLLOR/FILE_INPUT_VHDL.vhd:143]
INFO: [Synth 8-4471] merging register 'command_array_reg[16][char_first][7:0]' into 'command_array_reg[2][char_first][7:0]' [C:/FPGAPrj/VIVADO/VIVADO/CONTROLLOR.srcs/sources_1/imports/CONTROLLOR/FILE_INPUT_VHDL.vhd:143]
INFO: [Synth 8-4471] merging register 'command_array_reg[16][char_second][7:0]' into 'command_array_reg[2][char_first][7:0]' [C:/FPGAPrj/VIVADO/VIVADO/CONTROLLOR.srcs/sources_1/imports/CONTROLLOR/FILE_INPUT_VHDL.vhd:143]
INFO: [Synth 8-4471] merging register 'command_array_reg[16][option][31:0]' into 'command_array_reg[1][next_cmd][31:0]' [C:/FPGAPrj/VIVADO/VIVADO/CONTROLLOR.srcs/sources_1/imports/CONTROLLOR/FILE_INPUT_VHDL.vhd:143]
INFO: [Synth 8-4471] merging register 'command_array_reg[17][id][31:0]' into 'command_array_reg[13][id][31:0]' [C:/FPGAPrj/VIVADO/VIVADO/CONTROLLOR.srcs/sources_1/imports/CONTROLLOR/FILE_INPUT_VHDL.vhd:143]
INFO: [Synth 8-4471] merging register 'command_array_reg[17][save][31:0]' into 'command_array_reg[1][next_cmd][31:0]' [C:/FPGAPrj/VIVADO/VIVADO/CONTROLLOR.srcs/sources_1/imports/CONTROLLOR/FILE_INPUT_VHDL.vhd:143]
INFO: [Synth 8-4471] merging register 'command_array_reg[17][next_cmd][31:0]' into 'command_array_reg[1][next_cmd][31:0]' [C:/FPGAPrj/VIVADO/VIVADO/CONTROLLOR.srcs/sources_1/imports/CONTROLLOR/FILE_INPUT_VHDL.vhd:143]
INFO: [Synth 8-4471] merging register 'command_array_reg[17][char_second][7:0]' into 'command_array_reg[2][char_first][7:0]' [C:/FPGAPrj/VIVADO/VIVADO/CONTROLLOR.srcs/sources_1/imports/CONTROLLOR/FILE_INPUT_VHDL.vhd:143]
INFO: [Synth 8-4471] merging register 'command_array_reg[17][option][31:0]' into 'command_array_reg[1][next_cmd][31:0]' [C:/FPGAPrj/VIVADO/VIVADO/CONTROLLOR.srcs/sources_1/imports/CONTROLLOR/FILE_INPUT_VHDL.vhd:143]
INFO: [Synth 8-4471] merging register 'command_array_reg[2][save][31:0]' into 'command_array_reg[18][id][31:0]' [C:/FPGAPrj/VIVADO/VIVADO/CONTROLLOR.srcs/sources_1/imports/CONTROLLOR/FILE_INPUT_VHDL.vhd:143]
INFO: [Synth 8-4471] merging register 'command_array_reg[18][save][31:0]' into 'command_array_reg[1][next_cmd][31:0]' [C:/FPGAPrj/VIVADO/VIVADO/CONTROLLOR.srcs/sources_1/imports/CONTROLLOR/FILE_INPUT_VHDL.vhd:143]
INFO: [Synth 8-4471] merging register 'command_array_reg[18][next_cmd][31:0]' into 'command_array_reg[1][next_cmd][31:0]' [C:/FPGAPrj/VIVADO/VIVADO/CONTROLLOR.srcs/sources_1/imports/CONTROLLOR/FILE_INPUT_VHDL.vhd:143]
INFO: [Synth 8-4471] merging register 'command_array_reg[18][char_first][7:0]' into 'command_array_reg[13][char_first][7:0]' [C:/FPGAPrj/VIVADO/VIVADO/CONTROLLOR.srcs/sources_1/imports/CONTROLLOR/FILE_INPUT_VHDL.vhd:143]
INFO: [Synth 8-4471] merging register 'command_array_reg[18][option][31:0]' into 'command_array_reg[1][option][31:0]' [C:/FPGAPrj/VIVADO/VIVADO/CONTROLLOR.srcs/sources_1/imports/CONTROLLOR/FILE_INPUT_VHDL.vhd:143]
INFO: [Synth 8-4471] merging register 'command_array_reg[19][id][31:0]' into 'command_array_reg[1][id][31:0]' [C:/FPGAPrj/VIVADO/VIVADO/CONTROLLOR.srcs/sources_1/imports/CONTROLLOR/FILE_INPUT_VHDL.vhd:143]
INFO: [Synth 8-4471] merging register 'command_array_reg[19][save][31:0]' into 'command_array_reg[1][next_cmd][31:0]' [C:/FPGAPrj/VIVADO/VIVADO/CONTROLLOR.srcs/sources_1/imports/CONTROLLOR/FILE_INPUT_VHDL.vhd:143]
INFO: [Synth 8-4471] merging register 'command_array_reg[19][next_cmd][31:0]' into 'command_array_reg[1][next_cmd][31:0]' [C:/FPGAPrj/VIVADO/VIVADO/CONTROLLOR.srcs/sources_1/imports/CONTROLLOR/FILE_INPUT_VHDL.vhd:143]
INFO: [Synth 8-4471] merging register 'command_array_reg[19][char_first][7:0]' into 'command_array_reg[13][char_first][7:0]' [C:/FPGAPrj/VIVADO/VIVADO/CONTROLLOR.srcs/sources_1/imports/CONTROLLOR/FILE_INPUT_VHDL.vhd:143]
INFO: [Synth 8-4471] merging register 'command_array_reg[19][char_second][7:0]' into 'command_array_reg[18][char_second][7:0]' [C:/FPGAPrj/VIVADO/VIVADO/CONTROLLOR.srcs/sources_1/imports/CONTROLLOR/FILE_INPUT_VHDL.vhd:143]
INFO: [Synth 8-4471] merging register 'command_array_reg[19][option][31:0]' into 'command_array_reg[1][option][31:0]' [C:/FPGAPrj/VIVADO/VIVADO/CONTROLLOR.srcs/sources_1/imports/CONTROLLOR/FILE_INPUT_VHDL.vhd:143]
INFO: [Synth 8-4471] merging register 'command_array_reg[20][id][31:0]' into 'command_array_reg[15][next_cmd][31:0]' [C:/FPGAPrj/VIVADO/VIVADO/CONTROLLOR.srcs/sources_1/imports/CONTROLLOR/FILE_INPUT_VHDL.vhd:143]
INFO: [Synth 8-4471] merging register 'command_array_reg[20][next_cmd][31:0]' into 'command_array_reg[1][next_cmd][31:0]' [C:/FPGAPrj/VIVADO/VIVADO/CONTROLLOR.srcs/sources_1/imports/CONTROLLOR/FILE_INPUT_VHDL.vhd:143]
INFO: [Synth 8-4471] merging register 'command_array_reg[20][char_first][7:0]' into 'command_array_reg[2][char_first][7:0]' [C:/FPGAPrj/VIVADO/VIVADO/CONTROLLOR.srcs/sources_1/imports/CONTROLLOR/FILE_INPUT_VHDL.vhd:143]
INFO: [Synth 8-4471] merging register 'command_array_reg[20][char_second][7:0]' into 'command_array_reg[2][char_first][7:0]' [C:/FPGAPrj/VIVADO/VIVADO/CONTROLLOR.srcs/sources_1/imports/CONTROLLOR/FILE_INPUT_VHDL.vhd:143]
INFO: [Synth 8-4471] merging register 'command_array_reg[20][option][31:0]' into 'command_array_reg[1][next_cmd][31:0]' [C:/FPGAPrj/VIVADO/VIVADO/CONTROLLOR.srcs/sources_1/imports/CONTROLLOR/FILE_INPUT_VHDL.vhd:143]
INFO: [Synth 8-4471] merging register 'command_array_reg[21][id][31:0]' into 'command_array_reg[18][id][31:0]' [C:/FPGAPrj/VIVADO/VIVADO/CONTROLLOR.srcs/sources_1/imports/CONTROLLOR/FILE_INPUT_VHDL.vhd:143]
INFO: [Synth 8-4471] merging register 'command_array_reg[21][save][31:0]' into 'command_array_reg[1][next_cmd][31:0]' [C:/FPGAPrj/VIVADO/VIVADO/CONTROLLOR.srcs/sources_1/imports/CONTROLLOR/FILE_INPUT_VHDL.vhd:143]
INFO: [Common 17-14] Message 'Synth 8-4471' appears 100 times and further instances of the messages will be disabled. Use the Tcl command set_msg_config to change the current settings.
INFO: [Synth 8-3537] HDL ADVISOR - The operator resource <adder> is shared. To prevent sharing consider applying a KEEP on the inputs of the operator [C:/FPGAPrj/VIVADO/VIVADO/CONTROLLOR.srcs/sources_1/imports/CONTROLLOR/FILE_INPUT_VHDL.vhd:213]
INFO: [Synth 8-3537] HDL ADVISOR - The operator resource <adder> is shared. To prevent sharing consider applying a KEEP on the inputs of the operator [C:/FPGAPrj/VIVADO/VIVADO/CONTROLLOR.srcs/sources_1/imports/CONTROLLOR/FILE_INPUT_VHDL.vhd:242]
INFO: [Synth 8-5546] ROM "fail_sig" won't be mapped to RAM because it is too sparse
INFO: [Synth 8-5545] ROM "alt_stack_reg[1]" won't be mapped to RAM because address size (31) is larger than maximum supported(25)
INFO: [Synth 8-5545] ROM "alt_stack_reg[1]" won't be mapped to RAM because address size (32) is larger than maximum supported(25)
INFO: [Synth 8-5545] ROM "alt_stack_reg[2]" won't be mapped to RAM because address size (31) is larger than maximum supported(25)
INFO: [Synth 8-5545] ROM "alt_stack_reg[2]" won't be mapped to RAM because address size (32) is larger than maximum supported(25)
INFO: [Synth 8-5545] ROM "alt_stack_reg[3]" won't be mapped to RAM because address size (31) is larger than maximum supported(25)
INFO: [Synth 8-5545] ROM "alt_stack_reg[3]" won't be mapped to RAM because address size (32) is larger than maximum supported(25)
INFO: [Synth 8-5545] ROM "alt_stack_reg[4]" won't be mapped to RAM because address size (31) is larger than maximum supported(25)
INFO: [Synth 8-5545] ROM "alt_stack_reg[4]" won't be mapped to RAM because address size (32) is larger than maximum supported(25)
INFO: [Synth 8-5545] ROM "alt_stack_reg[5]" won't be mapped to RAM because address size (31) is larger than maximum supported(25)
INFO: [Synth 8-5545] ROM "alt_stack_reg[5]" won't be mapped to RAM because address size (32) is larger than maximum supported(25)
INFO: [Synth 8-5545] ROM "alt_stack_reg[6]" won't be mapped to RAM because address size (31) is larger than maximum supported(25)
INFO: [Synth 8-5545] ROM "alt_stack_reg[6]" won't be mapped to RAM because address size (32) is larger than maximum supported(25)
INFO: [Synth 8-5545] ROM "alt_stack_reg[7]" won't be mapped to RAM because address size (31) is larger than maximum supported(25)
INFO: [Synth 8-5545] ROM "alt_stack_reg[7]" won't be mapped to RAM because address size (32) is larger than maximum supported(25)
INFO: [Synth 8-5545] ROM "alt_stack_reg[8]" won't be mapped to RAM because address size (31) is larger than maximum supported(25)
INFO: [Synth 8-5545] ROM "alt_stack_reg[8]" won't be mapped to RAM because address size (32) is larger than maximum supported(25)
INFO: [Synth 8-5545] ROM "alt_stack_reg[9]" won't be mapped to RAM because address size (31) is larger than maximum supported(25)
INFO: [Synth 8-5545] ROM "alt_stack_reg[9]" won't be mapped to RAM because address size (32) is larger than maximum supported(25)
INFO: [Synth 8-5545] ROM "alt_stack_reg[10]" won't be mapped to RAM because address size (31) is larger than maximum supported(25)
INFO: [Synth 8-5545] ROM "alt_stack_reg[10]" won't be mapped to RAM because address size (32) is larger than maximum supported(25)
INFO: [Synth 8-5545] ROM "alt_stack_reg[11]" won't be mapped to RAM because address size (31) is larger than maximum supported(25)
INFO: [Synth 8-5545] ROM "alt_stack_reg[11]" won't be mapped to RAM because address size (32) is larger than maximum supported(25)
INFO: [Synth 8-5545] ROM "alt_stack_reg[12]" won't be mapped to RAM because address size (31) is larger than maximum supported(25)
INFO: [Synth 8-5545] ROM "alt_stack_reg[12]" won't be mapped to RAM because address size (32) is larger than maximum supported(25)
INFO: [Synth 8-5545] ROM "alt_stack_reg[13]" won't be mapped to RAM because address size (31) is larger than maximum supported(25)
INFO: [Synth 8-5545] ROM "alt_stack_reg[13]" won't be mapped to RAM because address size (32) is larger than maximum supported(25)
INFO: [Synth 8-5545] ROM "alt_stack_reg[14]" won't be mapped to RAM because address size (31) is larger than maximum supported(25)
INFO: [Synth 8-5545] ROM "alt_stack_reg[14]" won't be mapped to RAM because address size (32) is larger than maximum supported(25)
INFO: [Synth 8-5545] ROM "alt_stack_reg[15]" won't be mapped to RAM because address size (31) is larger than maximum supported(25)
INFO: [Synth 8-5545] ROM "alt_stack_reg[15]" won't be mapped to RAM because address size (32) is larger than maximum supported(25)
INFO: [Synth 8-5545] ROM "alt_stack_reg[16]" won't be mapped to RAM because address size (31) is larger than maximum supported(25)
INFO: [Synth 8-5545] ROM "alt_stack_reg[16]" won't be mapped to RAM because address size (32) is larger than maximum supported(25)
INFO: [Synth 8-5545] ROM "alt_stack_reg[17]" won't be mapped to RAM because address size (31) is larger than maximum supported(25)
INFO: [Synth 8-5545] ROM "alt_stack_reg[17]" won't be mapped to RAM because address size (32) is larger than maximum supported(25)
INFO: [Synth 8-5545] ROM "alt_stack_reg[18]" won't be mapped to RAM because address size (31) is larger than maximum supported(25)
INFO: [Synth 8-5545] ROM "alt_stack_reg[18]" won't be mapped to RAM because address size (32) is larger than maximum supported(25)
INFO: [Synth 8-5545] ROM "alt_stack_reg[19]" won't be mapped to RAM because address size (31) is larger than maximum supported(25)
INFO: [Synth 8-5545] ROM "alt_stack_reg[19]" won't be mapped to RAM because address size (32) is larger than maximum supported(25)
INFO: [Synth 8-5545] ROM "alt_stack_reg[20]" won't be mapped to RAM because address size (31) is larger than maximum supported(25)
INFO: [Synth 8-5545] ROM "alt_stack_reg[20]" won't be mapped to RAM because address size (32) is larger than maximum supported(25)
INFO: [Synth 8-5545] ROM "alt_stack_reg[21]" won't be mapped to RAM because address size (31) is larger than maximum supported(25)
INFO: [Synth 8-5545] ROM "alt_stack_reg[21]" won't be mapped to RAM because address size (32) is larger than maximum supported(25)
INFO: [Synth 8-5545] ROM "alt_stack_reg[22]" won't be mapped to RAM because address size (31) is larger than maximum supported(25)
INFO: [Synth 8-5545] ROM "alt_stack_reg[22]" won't be mapped to RAM because address size (32) is larger than maximum supported(25)
INFO: [Synth 8-5545] ROM "alt_stack_reg[23]" won't be mapped to RAM because address size (31) is larger than maximum supported(25)
INFO: [Synth 8-5545] ROM "alt_stack_reg[23]" won't be mapped to RAM because address size (32) is larger than maximum supported(25)
INFO: [Synth 8-5545] ROM "alt_stack_reg[24]" won't be mapped to RAM because address size (31) is larger than maximum supported(25)
INFO: [Synth 8-5545] ROM "alt_stack_reg[24]" won't be mapped to RAM because address size (32) is larger than maximum supported(25)
INFO: [Synth 8-5545] ROM "alt_stack_reg[25]" won't be mapped to RAM because address size (31) is larger than maximum supported(25)
INFO: [Synth 8-5545] ROM "alt_stack_reg[25]" won't be mapped to RAM because address size (32) is larger than maximum supported(25)
INFO: [Synth 8-5545] ROM "alt_stack_reg[26]" won't be mapped to RAM because address size (31) is larger than maximum supported(25)
INFO: [Synth 8-5545] ROM "alt_stack_reg[26]" won't be mapped to RAM because address size (32) is larger than maximum supported(25)
INFO: [Synth 8-5545] ROM "alt_stack_reg[27]" won't be mapped to RAM because address size (31) is larger than maximum supported(25)
INFO: [Synth 8-5545] ROM "alt_stack_reg[27]" won't be mapped to RAM because address size (32) is larger than maximum supported(25)
INFO: [Synth 8-5545] ROM "alt_stack_reg[28]" won't be mapped to RAM because address size (31) is larger than maximum supported(25)
INFO: [Synth 8-5545] ROM "alt_stack_reg[28]" won't be mapped to RAM because address size (32) is larger than maximum supported(25)
INFO: [Synth 8-5545] ROM "alt_stack_reg[29]" won't be mapped to RAM because address size (31) is larger than maximum supported(25)
INFO: [Synth 8-5545] ROM "alt_stack_reg[29]" won't be mapped to RAM because address size (32) is larger than maximum supported(25)
INFO: [Synth 8-5545] ROM "alt_stack_reg[30]" won't be mapped to RAM because address size (31) is larger than maximum supported(25)
INFO: [Synth 8-5545] ROM "alt_stack_reg[30]" won't be mapped to RAM because address size (32) is larger than maximum supported(25)
INFO: [Synth 8-5545] ROM "alt_stack_reg[31]" won't be mapped to RAM because address size (31) is larger than maximum supported(25)
INFO: [Synth 8-5545] ROM "alt_stack_reg[31]" won't be mapped to RAM because address size (32) is larger than maximum supported(25)
INFO: [Synth 8-5545] ROM "alt_stack_reg[32]" won't be mapped to RAM because address size (31) is larger than maximum supported(25)
INFO: [Synth 8-5545] ROM "alt_stack_reg[32]" won't be mapped to RAM because address size (32) is larger than maximum supported(25)
INFO: [Synth 8-5545] ROM "alt_stack_reg[33]" won't be mapped to RAM because address size (31) is larger than maximum supported(25)
INFO: [Synth 8-5545] ROM "alt_stack_reg[33]" won't be mapped to RAM because address size (32) is larger than maximum supported(25)
INFO: [Synth 8-5545] ROM "alt_stack_reg[34]" won't be mapped to RAM because address size (31) is larger than maximum supported(25)
INFO: [Synth 8-5545] ROM "alt_stack_reg[34]" won't be mapped to RAM because address size (32) is larger than maximum supported(25)
INFO: [Synth 8-5545] ROM "alt_stack_reg[35]" won't be mapped to RAM because address size (31) is larger than maximum supported(25)
INFO: [Synth 8-5545] ROM "alt_stack_reg[35]" won't be mapped to RAM because address size (32) is larger than maximum supported(25)
INFO: [Synth 8-5545] ROM "alt_stack_reg[36]" won't be mapped to RAM because address size (31) is larger than maximum supported(25)
INFO: [Synth 8-5545] ROM "alt_stack_reg[36]" won't be mapped to RAM because address size (32) is larger than maximum supported(25)
INFO: [Synth 8-5545] ROM "alt_stack_reg[37]" won't be mapped to RAM because address size (31) is larger than maximum supported(25)
INFO: [Synth 8-5545] ROM "alt_stack_reg[37]" won't be mapped to RAM because address size (32) is larger than maximum supported(25)
INFO: [Synth 8-5545] ROM "alt_stack_reg[38]" won't be mapped to RAM because address size (31) is larger than maximum supported(25)
INFO: [Synth 8-5545] ROM "alt_stack_reg[38]" won't be mapped to RAM because address size (32) is larger than maximum supported(25)
INFO: [Synth 8-5545] ROM "alt_stack_reg[39]" won't be mapped to RAM because address size (31) is larger than maximum supported(25)
INFO: [Synth 8-5545] ROM "alt_stack_reg[39]" won't be mapped to RAM because address size (32) is larger than maximum supported(25)
INFO: [Synth 8-5545] ROM "alt_stack_reg[40]" won't be mapped to RAM because address size (31) is larger than maximum supported(25)
INFO: [Synth 8-5545] ROM "alt_stack_reg[40]" won't be mapped to RAM because address size (32) is larger than maximum supported(25)
INFO: [Synth 8-5545] ROM "alt_stack_reg[41]" won't be mapped to RAM because address size (31) is larger than maximum supported(25)
INFO: [Synth 8-5545] ROM "alt_stack_reg[41]" won't be mapped to RAM because address size (32) is larger than maximum supported(25)
INFO: [Synth 8-5545] ROM "alt_stack_reg[42]" won't be mapped to RAM because address size (31) is larger than maximum supported(25)
INFO: [Synth 8-5545] ROM "alt_stack_reg[42]" won't be mapped to RAM because address size (32) is larger than maximum supported(25)
INFO: [Synth 8-5545] ROM "alt_stack_reg[43]" won't be mapped to RAM because address size (31) is larger than maximum supported(25)
INFO: [Synth 8-5545] ROM "alt_stack_reg[43]" won't be mapped to RAM because address size (32) is larger than maximum supported(25)
INFO: [Synth 8-5545] ROM "alt_stack_reg[44]" won't be mapped to RAM because address size (31) is larger than maximum supported(25)
INFO: [Synth 8-5545] ROM "alt_stack_reg[44]" won't be mapped to RAM because address size (32) is larger than maximum supported(25)
INFO: [Synth 8-5545] ROM "alt_stack_reg[45]" won't be mapped to RAM because address size (31) is larger than maximum supported(25)
INFO: [Synth 8-5545] ROM "alt_stack_reg[45]" won't be mapped to RAM because address size (32) is larger than maximum supported(25)
INFO: [Synth 8-5545] ROM "alt_stack_reg[46]" won't be mapped to RAM because address size (31) is larger than maximum supported(25)
INFO: [Synth 8-5545] ROM "alt_stack_reg[46]" won't be mapped to RAM because address size (32) is larger than maximum supported(25)
INFO: [Synth 8-5545] ROM "alt_stack_reg[47]" won't be mapped to RAM because address size (31) is larger than maximum supported(25)
INFO: [Synth 8-5545] ROM "alt_stack_reg[47]" won't be mapped to RAM because address size (32) is larger than maximum supported(25)
INFO: [Synth 8-5545] ROM "alt_stack_reg[48]" won't be mapped to RAM because address size (31) is larger than maximum supported(25)
INFO: [Synth 8-5545] ROM "alt_stack_reg[48]" won't be mapped to RAM because address size (32) is larger than maximum supported(25)
INFO: [Synth 8-5545] ROM "alt_stack_reg[49]" won't be mapped to RAM because address size (31) is larger than maximum supported(25)
INFO: [Synth 8-5545] ROM "alt_stack_reg[49]" won't be mapped to RAM because address size (32) is larger than maximum supported(25)
INFO: [Synth 8-5545] ROM "alt_stack_reg[50]" won't be mapped to RAM because address size (31) is larger than maximum supported(25)
INFO: [Synth 8-5545] ROM "alt_stack_reg[50]" won't be mapped to RAM because address size (32) is larger than maximum supported(25)
INFO: [Common 17-14] Message 'Synth 8-5545' appears 100 times and further instances of the messages will be disabled. Use the Tcl command set_msg_config to change the current settings.
INFO: [Synth 8-5587] ROM size for "cmd_read_no" is below threshold of ROM address width. It will be mapped to LUTs
INFO: [Synth 8-5546] ROM "cmd_read_no" won't be mapped to RAM because it is too sparse
INFO: [Synth 8-5546] ROM "cmd_read_no" won't be mapped to RAM because it is too sparse
INFO: [Synth 8-5546] ROM "call_stack[1]" won't be mapped to RAM because it is too sparse
INFO: [Synth 8-5546] ROM "out_num" won't be mapped to RAM because it is too sparse
INFO: [Synth 8-5546] ROM "count_text_stream" won't be mapped to RAM because it is too sparse
INFO: [Synth 8-5546] ROM "n" won't be mapped to RAM because it is too sparse
INFO: [Synth 8-5546] ROM "start" won't be mapped to RAM because it is too sparse
INFO: [Synth 8-5544] ROM "txt_sample" won't be mapped to Block RAM because address size (4) smaller than threshold (5)
---------------------------------------------------------------------------------
Finished RTL Optimization Phase 2 : Time (s): cpu = 00:00:57 ; elapsed = 00:01:06 . Memory (MB): peak = 665.496 ; gain = 494.820
---------------------------------------------------------------------------------

Report RTL Partitions: 
+------+---------------------+------------+----------+
|      |RTL Partition        |Replication |Instances |
+------+---------------------+------------+----------+
|1     |FILE_INPUT_VHDL__GB0 |           1|     41871|
|2     |FILE_INPUT_VHDL__GB1 |           1|     16812|
|3     |CONTROLLOR_VHDL__GC0 |           1|      2397|
+------+---------------------+------------+----------+
---------------------------------------------------------------------------------
Start RTL Component Statistics 
---------------------------------------------------------------------------------
Detailed RTL Component Info : 
+---Adders : 
	   2 Input     32 Bit       Adders := 4     
	   2 Input     31 Bit       Adders := 2     
	   2 Input      9 Bit       Adders := 1     
	   2 Input      6 Bit       Adders := 1     
	   2 Input      5 Bit       Adders := 3     
+---Registers : 
	               32 Bit    Registers := 42    
	               31 Bit    Registers := 79    
	               21 Bit    Registers := 1     
	               20 Bit    Registers := 1     
	                9 Bit    Registers := 1     
	                8 Bit    Registers := 47    
	                1 Bit    Registers := 20    
+---RAMs : 
	               4K Bit         RAMs := 1     
+---Muxes : 
	   2 Input     32 Bit        Muxes := 1     
	   4 Input     32 Bit        Muxes := 1     
	  12 Input     32 Bit        Muxes := 1     
	  16 Input     32 Bit        Muxes := 1     
	  12 Input     31 Bit        Muxes := 1     
	   2 Input     31 Bit        Muxes := 3     
	   4 Input     31 Bit        Muxes := 1     
	   2 Input     21 Bit        Muxes := 1     
	   2 Input     20 Bit        Muxes := 2     
	  10 Input      8 Bit        Muxes := 1     
	  42 Input      8 Bit        Muxes := 1     
	   2 Input      8 Bit        Muxes := 1     
	  16 Input      8 Bit        Muxes := 1     
	   4 Input      7 Bit        Muxes := 1     
	   8 Input      7 Bit        Muxes := 1     
	   2 Input      7 Bit        Muxes := 3     
	 125 Input      6 Bit        Muxes := 1     
	   2 Input      6 Bit        Muxes := 1     
	  11 Input      6 Bit        Muxes := 1     
	  16 Input      5 Bit        Muxes := 1     
	   2 Input      5 Bit        Muxes := 1     
	   3 Input      5 Bit        Muxes := 1     
	 125 Input      4 Bit        Muxes := 5     
	   2 Input      1 Bit        Muxes := 100   
	   4 Input      1 Bit        Muxes := 33    
	   5 Input      1 Bit        Muxes := 3     
---------------------------------------------------------------------------------
Finished RTL Component Statistics 
---------------------------------------------------------------------------------
---------------------------------------------------------------------------------
Start RTL Hierarchical Component Statistics 
---------------------------------------------------------------------------------
Hierarchical RTL Component report 
Module CONTROLLOR_VHDL 
Detailed RTL Component Info : 
+---Adders : 
	   2 Input     32 Bit       Adders := 1     
	   2 Input     31 Bit       Adders := 1     
+---Registers : 
	               32 Bit    Registers := 1     
	                1 Bit    Registers := 2     
+---Muxes : 
	  16 Input      8 Bit        Muxes := 1     
	   2 Input      1 Bit        Muxes := 3     
Module FILE_INPUT_VHDL 
Detailed RTL Component Info : 
+---Adders : 
	   2 Input     32 Bit       Adders := 2     
	   2 Input     31 Bit       Adders := 1     
	   2 Input      6 Bit       Adders := 1     
	   2 Input      5 Bit       Adders := 2     
+---Registers : 
	               32 Bit    Registers := 41    
	               31 Bit    Registers := 79    
	               20 Bit    Registers := 1     
	                8 Bit    Registers := 47    
	                1 Bit    Registers := 3     
+---Muxes : 
	   2 Input     32 Bit        Muxes := 1     
	   4 Input     32 Bit        Muxes := 1     
	  12 Input     32 Bit        Muxes := 1     
	  16 Input     32 Bit        Muxes := 1     
	  12 Input     31 Bit        Muxes := 1     
	   2 Input     31 Bit        Muxes := 3     
	   4 Input     31 Bit        Muxes := 1     
	   2 Input     20 Bit        Muxes := 2     
	  10 Input      8 Bit        Muxes := 1     
	  42 Input      8 Bit        Muxes := 1     
	   4 Input      7 Bit        Muxes := 1     
	   8 Input      7 Bit        Muxes := 1     
	   2 Input      7 Bit        Muxes := 3     
	 125 Input      6 Bit        Muxes := 1     
	   2 Input      6 Bit        Muxes := 1     
	  11 Input      6 Bit        Muxes := 1     
	  16 Input      5 Bit        Muxes := 1     
	   2 Input      5 Bit        Muxes := 1     
	   3 Input      5 Bit        Muxes := 1     
	 125 Input      4 Bit        Muxes := 5     
	   2 Input      1 Bit        Muxes := 94    
	   4 Input      1 Bit        Muxes := 33    
	   5 Input      1 Bit        Muxes := 3     
Module MEMORY_VHDL 
Detailed RTL Component Info : 
+---Registers : 
	                9 Bit    Registers := 1     
+---RAMs : 
	               4K Bit         RAMs := 1     
+---Muxes : 
	   2 Input      8 Bit        Muxes := 1     
Module TEXT_INPUT_VHDL 
Detailed RTL Component Info : 
+---Adders : 
	   2 Input     32 Bit       Adders := 1     
	   2 Input      9 Bit       Adders := 1     
+---Registers : 
	                1 Bit    Registers := 3     
+---Muxes : 
	   2 Input      1 Bit        Muxes := 2     
Module STATE_CONTROLLOR_VHDL 
Detailed RTL Component Info : 
+---Adders : 
	   2 Input      5 Bit       Adders := 1     
+---Registers : 
	               21 Bit    Registers := 1     
	                1 Bit    Registers := 1     
+---Muxes : 
	   2 Input     21 Bit        Muxes := 1     
	   2 Input      1 Bit        Muxes := 1     
Module BYTE_VHDL 
Detailed RTL Component Info : 
+---Registers : 
	                1 Bit    Registers := 2     
Module SET_VHDL 
Detailed RTL Component Info : 
+---Registers : 
	                1 Bit    Registers := 2     
Module RSET_VHDL 
Detailed RTL Component Info : 
+---Registers : 
	                1 Bit    Registers := 2     
Module OBYTE_VHDL 
Detailed RTL Component Info : 
+---Registers : 
	                1 Bit    Registers := 1     
Module STR_VHDL 
Detailed RTL Component Info : 
+---Registers : 
	                1 Bit    Registers := 2     
Module NANY_VHDL 
Detailed RTL Component Info : 
+---Registers : 
	                1 Bit    Registers := 2     
---------------------------------------------------------------------------------
Finished RTL Hierarchical Component Statistics
---------------------------------------------------------------------------------
---------------------------------------------------------------------------------
Start Part Resource Summary
---------------------------------------------------------------------------------
Part Resources:
DSPs: 80 (col length:40)
BRAMs: 120 (col length: RAMB18 40 RAMB36 20)
---------------------------------------------------------------------------------
Finished Part Resource Summary
---------------------------------------------------------------------------------
Start Parallel Synthesis Optimization  : Time (s): cpu = 00:00:59 ; elapsed = 00:01:08 . Memory (MB): peak = 665.496 ; gain = 494.820
---------------------------------------------------------------------------------
Start Cross Boundary Optimization
---------------------------------------------------------------------------------
INFO: [Synth 8-5546] ROM "fail_sig" won't be mapped to RAM because it is too sparse
INFO: [Synth 8-5546] ROM "call_stack[1]" won't be mapped to RAM because it is too sparse
WARNING: [Synth 8-3936] Found unconnected internal register 'STATE_CONTROLLOR/trg_array_reg' and it is trimmed from '21' to '20' bits. [C:/FPGAPrj/VIVADO/VIVADO/CONTROLLOR.srcs/sources_1/imports/CONTROLLOR/STATE_CONTROLLOR_VHDL.vhd:32]
INFO: [Synth 8-5546] ROM "TEXT_INPUT/out_num" won't be mapped to RAM because it is too sparse
INFO: [Synth 8-5546] ROM "TEXT_INPUT/count_text_stream" won't be mapped to RAM because it is too sparse
INFO: [Synth 8-5546] ROM "start" won't be mapped to RAM because it is too sparse
---------------------------------------------------------------------------------
Finished Cross Boundary Optimization : Time (s): cpu = 00:01:17 ; elapsed = 00:01:27 . Memory (MB): peak = 665.496 ; gain = 494.820
---------------------------------------------------------------------------------
Finished Parallel Reinference  : Time (s): cpu = 00:01:17 ; elapsed = 00:01:27 . Memory (MB): peak = 665.496 ; gain = 494.820

Report RTL Partitions: 
+------+---------------------+------------+----------+
|      |RTL Partition        |Replication |Instances |
+------+---------------------+------------+----------+
|1     |FILE_INPUT_VHDL__GB0 |           1|     35543|
|2     |FILE_INPUT_VHDL__GB1 |           1|     14596|
|3     |CONTROLLOR_VHDL__GC0 |           1|      2031|
+------+---------------------+------------+----------+
INFO: [Synth 8-4652] Swapped enable and write-enable on 1 RAM instances of RAM TEXT_INPUT/MEMORY/RAM_reg to conserve power
---------------------------------------------------------------------------------
Start ROM, RAM, DSP and Shift Register Reporting
---------------------------------------------------------------------------------

Block RAM:
+---------------------+---------------------------+------------------------+---+---+------------------------+---+---+--------------+--------+--------+-------------------+
|Module Name          | RTL Object                | PORT A (Depth x Width) | W | R | PORT B (Depth x Width) | W | R | OUT_REG      | RAMB18 | RAMB36 | Hierarchical Name | 
+---------------------+---------------------------+------------------------+---+---+------------------------+---+---+--------------+--------+--------+-------------------+
|CONTROLLOR_VHDL__GC0 | TEXT_INPUT/MEMORY/RAM_reg | 512 x 8(READ_FIRST)    | W |   | 512 x 8(WRITE_FIRST)   |   | R | Port A and B | 1      | 0      | extram__2         | 
+---------------------+---------------------------+------------------------+---+---+------------------------+---+---+--------------+--------+--------+-------------------+

Note: The table above shows the Block RAMs at the current stage of the synthesis flow. Some Block RAMs may be reimplemented as non Block RAM primitives later in the synthesis flow. Multiple instantiated Block RAMs are reported only once. "Hierarchical Name" reflects the Block RAM name as it appears in the hierarchical module and only part of it is displayed.
---------------------------------------------------------------------------------
Finished ROM, RAM, DSP and Shift Register Reporting
---------------------------------------------------------------------------------
---------------------------------------------------------------------------------
Start Area Optimization
---------------------------------------------------------------------------------
INFO: [Synth 8-3333] propagating constant 0 across sequential element (FILE_INPUTi_0/\command_array_reg[104][save][2] )
INFO: [Synth 8-3333] propagating constant 0 across sequential element (FILE_INPUTi_0/\command_array_reg[89][save][2] )
INFO: [Synth 8-3333] propagating constant 0 across sequential element (FILE_INPUTi_0/\command_array_reg[88][save][2] )
INFO: [Synth 8-3333] propagating constant 0 across sequential element (FILE_INPUTi_0/\command_array_reg[65][save][2] )
INFO: [Synth 8-3333] propagating constant 0 across sequential element (FILE_INPUTi_0/\command_array_reg[62][save][2] )
INFO: [Synth 8-3333] propagating constant 0 across sequential element (FILE_INPUTi_0/\command_array_reg[20][save][2] )
INFO: [Synth 8-3333] propagating constant 0 across sequential element (FILE_INPUTi_0/\command_array_reg[115][save][1] )
INFO: [Synth 8-3333] propagating constant 0 across sequential element (FILE_INPUTi_0/\command_array_reg[88][save][1] )
INFO: [Synth 8-3333] propagating constant 0 across sequential element (FILE_INPUTi_0/\command_array_reg[60][save][1] )
INFO: [Synth 8-3333] propagating constant 0 across sequential element (FILE_INPUTi_0/\command_array_reg[115][save][0] )
INFO: [Synth 8-3333] propagating constant 0 across sequential element (FILE_INPUTi_0/\command_array_reg[107][save][0] )
INFO: [Synth 8-3333] propagating constant 0 across sequential element (FILE_INPUTi_0/\command_array_reg[89][save][0] )
INFO: [Synth 8-3333] propagating constant 0 across sequential element (FILE_INPUTi_0/\command_array_reg[88][save][0] )
INFO: [Synth 8-3333] propagating constant 0 across sequential element (FILE_INPUTi_0/\command_array_reg[93][save][0] )
INFO: [Synth 8-3333] propagating constant 0 across sequential element (FILE_INPUTi_0/\command_array_reg[65][save][0] )
INFO: [Synth 8-3333] propagating constant 0 across sequential element (FILE_INPUTi_0/\command_array_reg[61][save][0] )
INFO: [Synth 8-3333] propagating constant 0 across sequential element (FILE_INPUTi_0/\command_array_reg[60][save][0] )
INFO: [Synth 8-3333] propagating constant 0 across sequential element (FILE_INPUTi_0/\command_array_reg[20][save][0] )
INFO: [Synth 8-3333] propagating constant 0 across sequential element (FILE_INPUTi_0/\command_array_reg[118][save][3] )
INFO: [Synth 8-3333] propagating constant 0 across sequential element (FILE_INPUTi_0/\command_array_reg[115][save][3] )
INFO: [Synth 8-3333] propagating constant 0 across sequential element (FILE_INPUTi_0/\command_array_reg[88][save][3] )
INFO: [Synth 8-3333] propagating constant 0 across sequential element (FILE_INPUTi_0/\command_array_reg[65][save][3] )
INFO: [Synth 8-3333] propagating constant 0 across sequential element (FILE_INPUTi_0/\command_array_reg[62][save][3] )
INFO: [Synth 8-3333] propagating constant 0 across sequential element (FILE_INPUTi_0/\command_array_reg[60][save][3] )
INFO: [Synth 8-3333] propagating constant 0 across sequential element (FILE_INPUTi_0/\command_array_reg[107][save][4] )
INFO: [Synth 8-3333] propagating constant 0 across sequential element (FILE_INPUTi_0/\command_array_reg[104][save][4] )
INFO: [Synth 8-3333] propagating constant 0 across sequential element (FILE_INPUTi_0/\command_array_reg[100][save][4] )
INFO: [Synth 8-3333] propagating constant 0 across sequential element (FILE_INPUTi_0/\command_array_reg[88][save][4] )
INFO: [Synth 8-3333] propagating constant 0 across sequential element (FILE_INPUTi_0/\command_array_reg[65][save][4] )
INFO: [Synth 8-3333] propagating constant 0 across sequential element (FILE_INPUTi_0/\command_array_reg[62][save][4] )
INFO: [Synth 8-3333] propagating constant 0 across sequential element (FILE_INPUTi_0/\command_array_reg[60][save][4] )
INFO: [Synth 8-3333] propagating constant 0 across sequential element (FILE_INPUTi_0/\command_array_reg[90][save][5] )
INFO: [Synth 8-3333] propagating constant 0 across sequential element (FILE_INPUTi_0/\command_array_reg[89][save][5] )
INFO: [Synth 8-3333] propagating constant 0 across sequential element (FILE_INPUTi_0/\command_array_reg[93][save][5] )
INFO: [Synth 8-3333] propagating constant 0 across sequential element (FILE_INPUTi_0/\command_array_reg[65][save][5] )
INFO: [Synth 8-3333] propagating constant 0 across sequential element (FILE_INPUTi_0/\command_array_reg[62][save][5] )
INFO: [Synth 8-3333] propagating constant 0 across sequential element (FILE_INPUTi_0/\command_array_reg[60][save][5] )
INFO: [Synth 8-3333] propagating constant 0 across sequential element (FILE_INPUTi_0/\command_array_reg[20][save][5] )
INFO: [Synth 8-3333] propagating constant 0 across sequential element (FILE_INPUTi_0/\command_array_reg[66][save][6] )
INFO: [Synth 8-3333] propagating constant 0 across sequential element (FILE_INPUTi_0/\command_array_reg[61][save][6] )
INFO: [Synth 8-3333] propagating constant 0 across sequential element (FILE_INPUTi_0/\command_array_reg[20][save][6] )
INFO: [Synth 8-3333] propagating constant 0 across sequential element (FILE_INPUTi_0/\command_array_reg[118][save][7] )
INFO: [Synth 8-3333] propagating constant 0 across sequential element (FILE_INPUTi_0/\command_array_reg[115][save][7] )
INFO: [Synth 8-3333] propagating constant 0 across sequential element (FILE_INPUTi_0/\command_array_reg[107][save][7] )
INFO: [Synth 8-3333] propagating constant 0 across sequential element (FILE_INPUTi_0/\command_array_reg[104][save][7] )
INFO: [Synth 8-3333] propagating constant 0 across sequential element (FILE_INPUTi_0/\command_array_reg[100][save][7] )
INFO: [Synth 8-3333] propagating constant 0 across sequential element (FILE_INPUTi_0/\command_array_reg[90][save][7] )
INFO: [Synth 8-3333] propagating constant 0 across sequential element (FILE_INPUTi_0/\command_array_reg[89][save][7] )
INFO: [Synth 8-3333] propagating constant 0 across sequential element (FILE_INPUTi_0/\command_array_reg[88][save][7] )
INFO: [Synth 8-3333] propagating constant 0 across sequential element (FILE_INPUTi_0/\command_array_reg[93][save][7] )
INFO: [Synth 8-3333] propagating constant 0 across sequential element (FILE_INPUTi_0/\command_array_reg[66][save][7] )
INFO: [Synth 8-3333] propagating constant 0 across sequential element (FILE_INPUTi_0/\command_array_reg[65][save][7] )
INFO: [Synth 8-3333] propagating constant 0 across sequential element (FILE_INPUTi_0/\command_array_reg[62][save][7] )
INFO: [Synth 8-3333] propagating constant 0 across sequential element (FILE_INPUTi_0/\command_array_reg[61][save][7] )
INFO: [Synth 8-3333] propagating constant 0 across sequential element (FILE_INPUTi_0/\command_array_reg[60][save][7] )
INFO: [Synth 8-3333] propagating constant 0 across sequential element (FILE_INPUTi_0/\command_array_reg[20][save][7] )
INFO: [Synth 8-3333] propagating constant 0 across sequential element (FILE_INPUTi_0/\command_array_reg[118][save][8] )
INFO: [Synth 8-3333] propagating constant 0 across sequential element (FILE_INPUTi_0/\command_array_reg[115][save][8] )
INFO: [Synth 8-3333] propagating constant 0 across sequential element (FILE_INPUTi_0/\command_array_reg[107][save][8] )
INFO: [Synth 8-3333] propagating constant 0 across sequential element (FILE_INPUTi_0/\command_array_reg[104][save][8] )
INFO: [Synth 8-3333] propagating constant 0 across sequential element (FILE_INPUTi_0/\command_array_reg[100][save][8] )
INFO: [Synth 8-3333] propagating constant 0 across sequential element (FILE_INPUTi_0/\command_array_reg[90][save][8] )
INFO: [Synth 8-3333] propagating constant 0 across sequential element (FILE_INPUTi_0/\command_array_reg[89][save][8] )
INFO: [Synth 8-3333] propagating constant 0 across sequential element (FILE_INPUTi_0/\command_array_reg[88][save][8] )
INFO: [Synth 8-3333] propagating constant 0 across sequential element (FILE_INPUTi_0/\command_array_reg[93][save][8] )
INFO: [Synth 8-3333] propagating constant 0 across sequential element (FILE_INPUTi_0/\command_array_reg[66][save][8] )
INFO: [Synth 8-3333] propagating constant 0 across sequential element (FILE_INPUTi_0/\command_array_reg[65][save][8] )
INFO: [Synth 8-3333] propagating constant 0 across sequential element (FILE_INPUTi_0/\command_array_reg[62][save][8] )
INFO: [Synth 8-3333] propagating constant 0 across sequential element (FILE_INPUTi_0/\command_array_reg[61][save][8] )
INFO: [Synth 8-3333] propagating constant 0 across sequential element (FILE_INPUTi_0/\command_array_reg[60][save][8] )
INFO: [Synth 8-3333] propagating constant 0 across sequential element (FILE_INPUTi_0/\command_array_reg[20][save][8] )
INFO: [Synth 8-3333] propagating constant 0 across sequential element (FILE_INPUTi_0/\command_array_reg[118][save][9] )
INFO: [Synth 8-3333] propagating constant 0 across sequential element (FILE_INPUTi_0/\command_array_reg[115][save][9] )
INFO: [Synth 8-3333] propagating constant 0 across sequential element (FILE_INPUTi_0/\command_array_reg[107][save][9] )
INFO: [Synth 8-3333] propagating constant 0 across sequential element (FILE_INPUTi_0/\command_array_reg[104][save][9] )
INFO: [Synth 8-3333] propagating constant 0 across sequential element (FILE_INPUTi_0/\command_array_reg[100][save][9] )
INFO: [Synth 8-3333] propagating constant 0 across sequential element (FILE_INPUTi_0/\command_array_reg[90][save][9] )
INFO: [Synth 8-3333] propagating constant 0 across sequential element (FILE_INPUTi_0/\command_array_reg[89][save][9] )
INFO: [Synth 8-3333] propagating constant 0 across sequential element (FILE_INPUTi_0/\command_array_reg[88][save][9] )
INFO: [Synth 8-3333] propagating constant 0 across sequential element (FILE_INPUTi_0/\command_array_reg[93][save][9] )
INFO: [Synth 8-3333] propagating constant 0 across sequential element (FILE_INPUTi_0/\command_array_reg[66][save][9] )
INFO: [Synth 8-3333] propagating constant 0 across sequential element (FILE_INPUTi_0/\command_array_reg[65][save][9] )
INFO: [Synth 8-3333] propagating constant 0 across sequential element (FILE_INPUTi_0/\command_array_reg[62][save][9] )
INFO: [Synth 8-3333] propagating constant 0 across sequential element (FILE_INPUTi_0/\command_array_reg[61][save][9] )
INFO: [Synth 8-3333] propagating constant 0 across sequential element (FILE_INPUTi_0/\command_array_reg[60][save][9] )
INFO: [Synth 8-3333] propagating constant 0 across sequential element (FILE_INPUTi_0/\command_array_reg[20][save][9] )
INFO: [Synth 8-3333] propagating constant 0 across sequential element (FILE_INPUTi_0/\command_array_reg[118][save][10] )
INFO: [Synth 8-3333] propagating constant 0 across sequential element (FILE_INPUTi_0/\command_array_reg[115][save][10] )
INFO: [Synth 8-3333] propagating constant 0 across sequential element (FILE_INPUTi_0/\command_array_reg[107][save][10] )
INFO: [Synth 8-3333] propagating constant 0 across sequential element (FILE_INPUTi_0/\command_array_reg[104][save][10] )
INFO: [Synth 8-3333] propagating constant 0 across sequential element (FILE_INPUTi_0/\command_array_reg[100][save][10] )
INFO: [Synth 8-3333] propagating constant 0 across sequential element (FILE_INPUTi_0/\command_array_reg[90][save][10] )
INFO: [Synth 8-3333] propagating constant 0 across sequential element (FILE_INPUTi_0/\command_array_reg[89][save][10] )
INFO: [Synth 8-3333] propagating constant 0 across sequential element (FILE_INPUTi_0/\command_array_reg[88][save][10] )
INFO: [Synth 8-3333] propagating constant 0 across sequential element (FILE_INPUTi_0/\command_array_reg[93][save][10] )
INFO: [Synth 8-3333] propagating constant 0 across sequential element (FILE_INPUTi_0/\command_array_reg[66][save][10] )
INFO: [Synth 8-3333] propagating constant 0 across sequential element (FILE_INPUTi_0/\command_array_reg[65][save][10] )
INFO: [Synth 8-3333] propagating constant 0 across sequential element (FILE_INPUTi_0/\command_array_reg[62][save][10] )
INFO: [Synth 8-3333] propagating constant 0 across sequential element (FILE_INPUTi_0/\command_array_reg[61][save][10] )
INFO: [Synth 8-3333] propagating constant 0 across sequential element (FILE_INPUTi_0/\command_array_reg[60][save][10] )
INFO: [Common 17-14] Message 'Synth 8-3333' appears 100 times and further instances of the messages will be disabled. Use the Tcl command set_msg_config to change the current settings.
INFO: [Synth 8-3886] merging instance 'FILE_INPUTi_0/\command_array_reg[118][save][2] ' (FDSE) to 'FILE_INPUTi_0/\command_array_reg[102][char_first][0] '
INFO: [Synth 8-3886] merging instance 'FILE_INPUTi_0/\command_array_reg[115][save][2] ' (FDSE) to 'FILE_INPUTi_0/\command_array_reg[102][char_first][0] '
INFO: [Synth 8-3886] merging instance 'FILE_INPUTi_0/\command_array_reg[107][save][2] ' (FDSE) to 'FILE_INPUTi_0/\command_array_reg[102][char_first][0] '
INFO: [Synth 8-3886] merging instance 'FILE_INPUTi_0/\command_array_reg[100][save][2] ' (FDSE) to 'FILE_INPUTi_0/\command_array_reg[102][char_first][0] '
INFO: [Synth 8-3886] merging instance 'FILE_INPUTi_0/\command_array_reg[90][save][2] ' (FDSE) to 'FILE_INPUTi_0/\command_array_reg[102][char_first][0] '
INFO: [Synth 8-3886] merging instance 'FILE_INPUTi_0/\command_array_reg[93][save][2] ' (FDSE) to 'FILE_INPUTi_0/\command_array_reg[102][char_first][0] '
INFO: [Synth 8-3886] merging instance 'FILE_INPUTi_0/\command_array_reg[66][save][2] ' (FDSE) to 'FILE_INPUTi_0/\command_array_reg[102][char_first][0] '
INFO: [Synth 8-3886] merging instance 'FILE_INPUTi_0/\command_array_reg[61][save][2] ' (FDSE) to 'FILE_INPUTi_0/\command_array_reg[102][char_first][0] '
INFO: [Synth 8-3886] merging instance 'FILE_INPUTi_0/\command_array_reg[60][save][2] ' (FDSE) to 'FILE_INPUTi_0/\command_array_reg[102][char_first][0] '
INFO: [Synth 8-3886] merging instance 'FILE_INPUTi_0/\command_array_reg[118][save][1] ' (FDSE) to 'FILE_INPUTi_0/\command_array_reg[102][char_first][0] '
INFO: [Synth 8-3886] merging instance 'FILE_INPUTi_0/\command_array_reg[107][save][1] ' (FDSE) to 'FILE_INPUTi_0/\command_array_reg[102][char_first][0] '
INFO: [Synth 8-3886] merging instance 'FILE_INPUTi_0/\command_array_reg[104][save][1] ' (FDSE) to 'FILE_INPUTi_0/\command_array_reg[102][char_first][0] '
INFO: [Synth 8-3886] merging instance 'FILE_INPUTi_0/\command_array_reg[100][save][1] ' (FDSE) to 'FILE_INPUTi_0/\command_array_reg[102][char_first][0] '
INFO: [Synth 8-3886] merging instance 'FILE_INPUTi_0/\command_array_reg[90][save][1] ' (FDSE) to 'FILE_INPUTi_0/\command_array_reg[102][char_first][0] '
INFO: [Synth 8-3886] merging instance 'FILE_INPUTi_0/\command_array_reg[89][save][1] ' (FDSE) to 'FILE_INPUTi_0/\command_array_reg[102][char_first][0] '
INFO: [Synth 8-3886] merging instance 'FILE_INPUTi_0/\command_array_reg[93][save][1] ' (FDSE) to 'FILE_INPUTi_0/\command_array_reg[102][char_first][0] '
INFO: [Synth 8-3886] merging instance 'FILE_INPUTi_0/\command_array_reg[66][save][1] ' (FDSE) to 'FILE_INPUTi_0/\command_array_reg[102][char_first][0] '
INFO: [Synth 8-3886] merging instance 'FILE_INPUTi_0/\command_array_reg[65][save][1] ' (FDSE) to 'FILE_INPUTi_0/\command_array_reg[102][char_first][0] '
INFO: [Synth 8-3886] merging instance 'FILE_INPUTi_0/\command_array_reg[62][save][1] ' (FDSE) to 'FILE_INPUTi_0/\command_array_reg[102][char_first][0] '
INFO: [Synth 8-3886] merging instance 'FILE_INPUTi_0/\command_array_reg[61][save][1] ' (FDSE) to 'FILE_INPUTi_0/\command_array_reg[102][char_first][0] '
INFO: [Synth 8-3886] merging instance 'FILE_INPUTi_0/\command_array_reg[20][save][1] ' (FDSE) to 'FILE_INPUTi_0/\command_array_reg[102][char_first][0] '
INFO: [Synth 8-3886] merging instance 'FILE_INPUTi_0/\command_array_reg[118][save][0] ' (FDSE) to 'FILE_INPUTi_0/\command_array_reg[102][char_first][0] '
INFO: [Synth 8-3886] merging instance 'FILE_INPUTi_0/\command_array_reg[104][save][0] ' (FDSE) to 'FILE_INPUTi_0/\command_array_reg[102][char_first][0] '
INFO: [Synth 8-3886] merging instance 'FILE_INPUTi_0/\command_array_reg[100][save][0] ' (FDSE) to 'FILE_INPUTi_0/\command_array_reg[102][char_first][0] '
INFO: [Synth 8-3886] merging instance 'FILE_INPUTi_0/\command_array_reg[90][save][0] ' (FDSE) to 'FILE_INPUTi_0/\command_array_reg[102][char_first][0] '
INFO: [Synth 8-3886] merging instance 'FILE_INPUTi_0/\command_array_reg[66][save][0] ' (FDSE) to 'FILE_INPUTi_0/\command_array_reg[102][char_first][0] '
INFO: [Synth 8-3886] merging instance 'FILE_INPUTi_0/\command_array_reg[62][save][0] ' (FDSE) to 'FILE_INPUTi_0/\command_array_reg[102][char_first][0] '
INFO: [Synth 8-3886] merging instance 'FILE_INPUTi_0/\command_array_reg[107][save][3] ' (FDSE) to 'FILE_INPUTi_0/\command_array_reg[102][char_first][0] '
INFO: [Synth 8-3886] merging instance 'FILE_INPUTi_0/\command_array_reg[104][save][3] ' (FDSE) to 'FILE_INPUTi_0/\command_array_reg[102][char_first][0] '
INFO: [Synth 8-3886] merging instance 'FILE_INPUTi_0/\command_array_reg[100][save][3] ' (FDSE) to 'FILE_INPUTi_0/\command_array_reg[102][char_first][0] '
INFO: [Synth 8-3886] merging instance 'FILE_INPUTi_0/\command_array_reg[90][save][3] ' (FDSE) to 'FILE_INPUTi_0/\command_array_reg[102][char_first][0] '
INFO: [Synth 8-3886] merging instance 'FILE_INPUTi_0/\command_array_reg[89][save][3] ' (FDSE) to 'FILE_INPUTi_0/\command_array_reg[102][char_first][0] '
INFO: [Synth 8-3886] merging instance 'FILE_INPUTi_0/\command_array_reg[93][save][3] ' (FDSE) to 'FILE_INPUTi_0/\command_array_reg[102][char_first][0] '
INFO: [Synth 8-3886] merging instance 'FILE_INPUTi_0/\command_array_reg[66][save][3] ' (FDSE) to 'FILE_INPUTi_0/\command_array_reg[102][char_first][0] '
INFO: [Synth 8-3886] merging instance 'FILE_INPUTi_0/\command_array_reg[61][save][3] ' (FDSE) to 'FILE_INPUTi_0/\command_array_reg[102][char_first][0] '
INFO: [Synth 8-3886] merging instance 'FILE_INPUTi_0/\command_array_reg[20][save][3] ' (FDSE) to 'FILE_INPUTi_0/\command_array_reg[102][char_first][0] '
INFO: [Synth 8-3886] merging instance 'FILE_INPUTi_0/\command_array_reg[118][save][4] ' (FDSE) to 'FILE_INPUTi_0/\command_array_reg[102][char_first][0] '
INFO: [Synth 8-3886] merging instance 'FILE_INPUTi_0/\command_array_reg[115][save][4] ' (FDSE) to 'FILE_INPUTi_0/\command_array_reg[102][char_first][0] '
INFO: [Synth 8-3886] merging instance 'FILE_INPUTi_0/\command_array_reg[90][save][4] ' (FDSE) to 'FILE_INPUTi_0/\command_array_reg[102][char_first][0] '
INFO: [Synth 8-3886] merging instance 'FILE_INPUTi_0/\command_array_reg[89][save][4] ' (FDSE) to 'FILE_INPUTi_0/\command_array_reg[102][char_first][0] '
INFO: [Synth 8-3886] merging instance 'FILE_INPUTi_0/\command_array_reg[93][save][4] ' (FDSE) to 'FILE_INPUTi_0/\command_array_reg[102][char_first][0] '
INFO: [Synth 8-3886] merging instance 'FILE_INPUTi_0/\command_array_reg[66][save][4] ' (FDSE) to 'FILE_INPUTi_0/\command_array_reg[102][char_first][0] '
INFO: [Synth 8-3886] merging instance 'FILE_INPUTi_0/\command_array_reg[61][save][4] ' (FDSE) to 'FILE_INPUTi_0/\command_array_reg[102][char_first][0] '
INFO: [Synth 8-3886] merging instance 'FILE_INPUTi_0/\command_array_reg[20][save][4] ' (FDSE) to 'FILE_INPUTi_0/\command_array_reg[102][char_first][0] '
INFO: [Synth 8-3886] merging instance 'FILE_INPUTi_0/\command_array_reg[118][save][5] ' (FDSE) to 'FILE_INPUTi_0/\command_array_reg[102][char_first][0] '
INFO: [Synth 8-3886] merging instance 'FILE_INPUTi_0/\command_array_reg[115][save][5] ' (FDSE) to 'FILE_INPUTi_0/\command_array_reg[102][char_first][0] '
INFO: [Synth 8-3886] merging instance 'FILE_INPUTi_0/\command_array_reg[107][save][5] ' (FDSE) to 'FILE_INPUTi_0/\command_array_reg[102][char_first][0] '
INFO: [Synth 8-3886] merging instance 'FILE_INPUTi_0/\command_array_reg[104][save][5] ' (FDSE) to 'FILE_INPUTi_0/\command_array_reg[102][char_first][0] '
INFO: [Synth 8-3886] merging instance 'FILE_INPUTi_0/\command_array_reg[100][save][5] ' (FDSE) to 'FILE_INPUTi_0/\command_array_reg[102][char_first][0] '
INFO: [Synth 8-3886] merging instance 'FILE_INPUTi_0/\command_array_reg[88][save][5] ' (FDSE) to 'FILE_INPUTi_0/\command_array_reg[102][char_first][0] '
INFO: [Synth 8-3886] merging instance 'FILE_INPUTi_0/\command_array_reg[66][save][5] ' (FDSE) to 'FILE_INPUTi_0/\command_array_reg[102][char_first][0] '
INFO: [Synth 8-3886] merging instance 'FILE_INPUTi_0/\command_array_reg[61][save][5] ' (FDSE) to 'FILE_INPUTi_0/\command_array_reg[102][char_first][0] '
INFO: [Synth 8-3886] merging instance 'FILE_INPUTi_0/\command_array_reg[118][save][6] ' (FDSE) to 'FILE_INPUTi_0/\command_array_reg[102][char_first][0] '
INFO: [Synth 8-3886] merging instance 'FILE_INPUTi_0/\command_array_reg[115][save][6] ' (FDSE) to 'FILE_INPUTi_0/\command_array_reg[102][char_first][0] '
INFO: [Synth 8-3886] merging instance 'FILE_INPUTi_0/\command_array_reg[107][save][6] ' (FDSE) to 'FILE_INPUTi_0/\command_array_reg[102][char_first][0] '
INFO: [Synth 8-3886] merging instance 'FILE_INPUTi_0/\command_array_reg[104][save][6] ' (FDSE) to 'FILE_INPUTi_0/\command_array_reg[102][char_first][0] '
INFO: [Synth 8-3886] merging instance 'FILE_INPUTi_0/\command_array_reg[100][save][6] ' (FDSE) to 'FILE_INPUTi_0/\command_array_reg[102][char_first][0] '
INFO: [Synth 8-3886] merging instance 'FILE_INPUTi_0/\command_array_reg[90][save][6] ' (FDSE) to 'FILE_INPUTi_0/\command_array_reg[102][char_first][0] '
INFO: [Synth 8-3886] merging instance 'FILE_INPUTi_0/\command_array_reg[89][save][6] ' (FDSE) to 'FILE_INPUTi_0/\command_array_reg[102][char_first][0] '
INFO: [Synth 8-3886] merging instance 'FILE_INPUTi_0/\command_array_reg[88][save][6] ' (FDSE) to 'FILE_INPUTi_0/\command_array_reg[102][char_first][0] '
INFO: [Synth 8-3886] merging instance 'FILE_INPUTi_0/\command_array_reg[93][save][6] ' (FDSE) to 'FILE_INPUTi_0/\command_array_reg[102][char_first][0] '
INFO: [Synth 8-3886] merging instance 'FILE_INPUTi_0/\command_array_reg[65][save][6] ' (FDSE) to 'FILE_INPUTi_0/\command_array_reg[102][char_first][0] '
INFO: [Synth 8-3886] merging instance 'FILE_INPUTi_0/\command_array_reg[62][save][6] ' (FDSE) to 'FILE_INPUTi_0/\command_array_reg[102][char_first][0] '
INFO: [Synth 8-3886] merging instance 'FILE_INPUTi_0/\command_array_reg[60][save][6] ' (FDSE) to 'FILE_INPUTi_0/\command_array_reg[102][char_first][0] '
INFO: [Synth 8-3886] merging instance 'FILE_INPUTi_0/\command_array_reg[106][next_cmd][2] ' (FDSE) to 'FILE_INPUTi_0/\command_array_reg[102][char_first][0] '
INFO: [Synth 8-3886] merging instance 'FILE_INPUTi_0/\command_array_reg[103][next_cmd][2] ' (FDSE) to 'FILE_INPUTi_0/\command_array_reg[102][char_first][0] '
INFO: [Synth 8-3886] merging instance 'FILE_INPUTi_0/\command_array_reg[2][next_cmd][2] ' (FDSE) to 'FILE_INPUTi_0/\command_array_reg[102][char_first][0] '
INFO: [Synth 8-3886] merging instance 'FILE_INPUTi_0/\command_array_reg[106][next_cmd][1] ' (FDSE) to 'FILE_INPUTi_0/\command_array_reg[102][char_first][0] '
INFO: [Synth 8-3886] merging instance 'FILE_INPUTi_0/\command_array_reg[94][next_cmd][1] ' (FDSE) to 'FILE_INPUTi_0/\command_array_reg[102][char_first][0] '
INFO: [Synth 8-3886] merging instance 'FILE_INPUTi_0/\command_array_reg[89][next_cmd][1] ' (FDSE) to 'FILE_INPUTi_0/\command_array_reg[102][char_first][0] '
INFO: [Synth 8-3886] merging instance 'FILE_INPUTi_0/\command_array_reg[9][next_cmd][1] ' (FDSE) to 'FILE_INPUTi_0/\command_array_reg[102][char_first][0] '
INFO: [Synth 8-3886] merging instance 'FILE_INPUTi_0/\command_array_reg[2][next_cmd][1] ' (FDSE) to 'FILE_INPUTi_0/\command_array_reg[102][char_first][0] '
INFO: [Synth 8-3886] merging instance 'FILE_INPUTi_0/\command_array_reg[106][next_cmd][0] ' (FDSE) to 'FILE_INPUTi_0/\command_array_reg[102][char_first][0] '
INFO: [Synth 8-3886] merging instance 'FILE_INPUTi_0/\command_array_reg[103][next_cmd][0] ' (FDSE) to 'FILE_INPUTi_0/\command_array_reg[102][char_first][0] '
INFO: [Synth 8-3886] merging instance 'FILE_INPUTi_0/\command_array_reg[94][next_cmd][0] ' (FDSE) to 'FILE_INPUTi_0/\command_array_reg[102][char_first][0] '
INFO: [Synth 8-3886] merging instance 'FILE_INPUTi_0/\command_array_reg[89][next_cmd][0] ' (FDSE) to 'FILE_INPUTi_0/\command_array_reg[102][char_first][0] '
INFO: [Synth 8-3886] merging instance 'FILE_INPUTi_0/\command_array_reg[9][next_cmd][0] ' (FDSE) to 'FILE_INPUTi_0/\command_array_reg[102][char_first][0] '
INFO: [Synth 8-3886] merging instance 'FILE_INPUTi_0/\command_array_reg[2][next_cmd][0] ' (FDSE) to 'FILE_INPUTi_0/\command_array_reg[102][char_first][0] '
INFO: [Synth 8-3886] merging instance 'FILE_INPUTi_0/\command_array_reg[101][next_cmd][3] ' (FDSE) to 'FILE_INPUTi_0/\command_array_reg[102][char_first][0] '
INFO: [Synth 8-3886] merging instance 'FILE_INPUTi_0/\command_array_reg[94][next_cmd][3] ' (FDSE) to 'FILE_INPUTi_0/\command_array_reg[102][char_first][0] '
INFO: [Synth 8-3886] merging instance 'FILE_INPUTi_0/\command_array_reg[94][next_cmd][4] ' (FDSE) to 'FILE_INPUTi_0/\command_array_reg[102][char_first][0] '
INFO: [Synth 8-3886] merging instance 'FILE_INPUTi_0/\command_array_reg[89][next_cmd][4] ' (FDSE) to 'FILE_INPUTi_0/\command_array_reg[102][char_first][0] '
INFO: [Synth 8-3886] merging instance 'FILE_INPUTi_0/\command_array_reg[106][next_cmd][5] ' (FDSE) to 'FILE_INPUTi_0/\command_array_reg[102][char_first][0] '
INFO: [Synth 8-3886] merging instance 'FILE_INPUTi_0/\command_array_reg[103][next_cmd][5] ' (FDSE) to 'FILE_INPUTi_0/\command_array_reg[102][char_first][0] '
INFO: [Synth 8-3886] merging instance 'FILE_INPUTi_0/\command_array_reg[89][next_cmd][5] ' (FDSE) to 'FILE_INPUTi_0/\command_array_reg[102][char_first][0] '
INFO: [Synth 8-3886] merging instance 'FILE_INPUTi_0/\command_array_reg[9][next_cmd][5] ' (FDSE) to 'FILE_INPUTi_0/\command_array_reg[102][char_first][0] '
INFO: [Synth 8-3886] merging instance 'FILE_INPUTi_0/\command_array_reg[106][next_cmd][6] ' (FDSE) to 'FILE_INPUTi_0/\command_array_reg[102][char_first][0] '
INFO: [Synth 8-3886] merging instance 'FILE_INPUTi_0/\command_array_reg[103][next_cmd][6] ' (FDSE) to 'FILE_INPUTi_0/\command_array_reg[102][char_first][0] '
INFO: [Synth 8-3886] merging instance 'FILE_INPUTi_0/\command_array_reg[94][next_cmd][6] ' (FDSE) to 'FILE_INPUTi_0/\command_array_reg[102][char_first][0] '
INFO: [Synth 8-3886] merging instance 'FILE_INPUTi_0/\command_array_reg[89][next_cmd][6] ' (FDSE) to 'FILE_INPUTi_0/\command_array_reg[102][char_first][0] '
INFO: [Synth 8-3886] merging instance 'FILE_INPUTi_0/\command_array_reg[9][next_cmd][6] ' (FDSE) to 'FILE_INPUTi_0/\command_array_reg[102][char_first][0] '
INFO: [Synth 8-3886] merging instance 'FILE_INPUTi_0/\command_array_reg[102][char_first][0] ' (FDSE) to 'FILE_INPUTi_0/\command_array_reg[102][char_first][1] '
INFO: [Synth 8-3886] merging instance 'FILE_INPUTi_0/\command_array_reg[96][char_first][0] ' (FDSE) to 'FILE_INPUTi_0/\command_array_reg[102][char_first][1] '
INFO: [Synth 8-3886] merging instance 'FILE_INPUTi_0/\command_array_reg[86][char_first][0] ' (FDSE) to 'FILE_INPUTi_0/\command_array_reg[102][char_first][1] '
INFO: [Synth 8-3886] merging instance 'FILE_INPUTi_0/\command_array_reg[77][char_first][0] ' (FDSE) to 'FILE_INPUTi_0/\command_array_reg[102][char_first][1] '
INFO: [Synth 8-3886] merging instance 'FILE_INPUTi_0/\command_array_reg[73][char_first][0] ' (FDSE) to 'FILE_INPUTi_0/\command_array_reg[102][char_first][1] '
INFO: [Synth 8-3886] merging instance 'FILE_INPUTi_0/\command_array_reg[71][char_first][0] ' (FDSE) to 'FILE_INPUTi_0/\command_array_reg[102][char_first][1] '
INFO: [Synth 8-3886] merging instance 'FILE_INPUTi_0/\command_array_reg[68][char_first][0] ' (FDSE) to 'FILE_INPUTi_0/\command_array_reg[102][char_first][1] '
INFO: [Synth 8-3886] merging instance 'FILE_INPUTi_0/\command_array_reg[58][char_first][0] ' (FDSE) to 'FILE_INPUTi_0/\command_array_reg[102][char_first][1] '
INFO: [Synth 8-3886] merging instance 'FILE_INPUTi_0/\command_array_reg[51][char_first][0] ' (FDSE) to 'FILE_INPUTi_0/\command_array_reg[102][char_first][1] '
INFO: [Common 17-14] Message 'Synth 8-3886' appears 100 times and further instances of the messages will be disabled. Use the Tcl command set_msg_config to change the current settings.
---------------------------------------------------------------------------------
Finished Area Optimization : Time (s): cpu = 00:01:54 ; elapsed = 00:02:05 . Memory (MB): peak = 665.496 ; gain = 494.820
---------------------------------------------------------------------------------
Finished Parallel Area Optimization  : Time (s): cpu = 00:01:54 ; elapsed = 00:02:05 . Memory (MB): peak = 665.496 ; gain = 494.820

Report RTL Partitions: 
+------+---------------------+------------+----------+
|      |RTL Partition        |Replication |Instances |
+------+---------------------+------------+----------+
|1     |FILE_INPUT_VHDL__GB0 |           1|      3628|
|2     |FILE_INPUT_VHDL__GB1 |           1|        34|
|3     |CONTROLLOR_VHDL__GC0 |           1|       847|
+------+---------------------+------------+----------+
---------------------------------------------------------------------------------
Start Timing Optimization
---------------------------------------------------------------------------------
---------------------------------------------------------------------------------
Start Applying XDC Timing Constraints
---------------------------------------------------------------------------------
---------------------------------------------------------------------------------
Finished Applying XDC Timing Constraints : Time (s): cpu = 00:02:10 ; elapsed = 00:02:22 . Memory (MB): peak = 714.336 ; gain = 543.660
---------------------------------------------------------------------------------
---------------------------------------------------------------------------------
Finished Timing Optimization : Time (s): cpu = 00:02:11 ; elapsed = 00:02:23 . Memory (MB): peak = 726.957 ; gain = 556.281
---------------------------------------------------------------------------------
Finished Parallel Timing Optimization  : Time (s): cpu = 00:02:11 ; elapsed = 00:02:23 . Memory (MB): peak = 726.957 ; gain = 556.281

Report RTL Partitions: 
+------+---------------------+------------+----------+
|      |RTL Partition        |Replication |Instances |
+------+---------------------+------------+----------+
|1     |FILE_INPUT_VHDL__GB0 |           1|      3628|
|2     |FILE_INPUT_VHDL__GB1 |           1|        34|
|3     |CONTROLLOR_VHDL__GC0 |           1|       847|
+------+---------------------+------------+----------+
Finished Parallel Synthesis Optimization  : Time (s): cpu = 00:02:11 ; elapsed = 00:02:23 . Memory (MB): peak = 726.957 ; gain = 556.281
---------------------------------------------------------------------------------
Start Technology Mapping
---------------------------------------------------------------------------------
INFO: [Synth 8-4480] The timing for the instance \TEXT_INPUT/MEMORY/RAM_reg  (implemented as a block RAM) might be sub-optimal as no optional output register could be merged into the block ram. Providing additional output register may help in improving timing.
---------------------------------------------------------------------------------
Finished Technology Mapping : Time (s): cpu = 00:02:13 ; elapsed = 00:02:25 . Memory (MB): peak = 740.660 ; gain = 569.984
---------------------------------------------------------------------------------

Report RTL Partitions: 
+-+--------------+------------+----------+
| |RTL Partition |Replication |Instances |
+-+--------------+------------+----------+
+-+--------------+------------+----------+
---------------------------------------------------------------------------------
Start IO Insertion
---------------------------------------------------------------------------------
---------------------------------------------------------------------------------
Start Flattening Before IO Insertion
---------------------------------------------------------------------------------
---------------------------------------------------------------------------------
Finished Flattening Before IO Insertion
---------------------------------------------------------------------------------
---------------------------------------------------------------------------------
Start Final Netlist Cleanup
---------------------------------------------------------------------------------
---------------------------------------------------------------------------------
Finished Final Netlist Cleanup
---------------------------------------------------------------------------------
---------------------------------------------------------------------------------
Finished IO Insertion : Time (s): cpu = 00:02:14 ; elapsed = 00:02:26 . Memory (MB): peak = 740.660 ; gain = 569.984
---------------------------------------------------------------------------------

Report Check Netlist: 
+------+------------------+-------+---------+-------+------------------+
|      |Item              |Errors |Warnings |Status |Description       |
+------+------------------+-------+---------+-------+------------------+
|1     |multi_driven_nets |      0|        0|Passed |Multi driven nets |
+------+------------------+-------+---------+-------+------------------+
---------------------------------------------------------------------------------
Start Renaming Generated Instances
---------------------------------------------------------------------------------
---------------------------------------------------------------------------------
Finished Renaming Generated Instances : Time (s): cpu = 00:02:14 ; elapsed = 00:02:26 . Memory (MB): peak = 740.660 ; gain = 569.984
---------------------------------------------------------------------------------

Report RTL Partitions: 
+-+--------------+------------+----------+
| |RTL Partition |Replication |Instances |
+-+--------------+------------+----------+
+-+--------------+------------+----------+
---------------------------------------------------------------------------------
Start Rebuilding User Hierarchy
---------------------------------------------------------------------------------
---------------------------------------------------------------------------------
Finished Rebuilding User Hierarchy : Time (s): cpu = 00:02:14 ; elapsed = 00:02:26 . Memory (MB): peak = 740.660 ; gain = 569.984
---------------------------------------------------------------------------------
---------------------------------------------------------------------------------
Start Renaming Generated Ports
---------------------------------------------------------------------------------
---------------------------------------------------------------------------------
Finished Renaming Generated Ports : Time (s): cpu = 00:02:14 ; elapsed = 00:02:26 . Memory (MB): peak = 740.660 ; gain = 569.984
---------------------------------------------------------------------------------
---------------------------------------------------------------------------------
Start Handling Custom Attributes
---------------------------------------------------------------------------------
---------------------------------------------------------------------------------
Finished Handling Custom Attributes : Time (s): cpu = 00:02:14 ; elapsed = 00:02:27 . Memory (MB): peak = 740.660 ; gain = 569.984
---------------------------------------------------------------------------------
---------------------------------------------------------------------------------
Start Renaming Generated Nets
---------------------------------------------------------------------------------
---------------------------------------------------------------------------------
Finished Renaming Generated Nets : Time (s): cpu = 00:02:14 ; elapsed = 00:02:27 . Memory (MB): peak = 740.660 ; gain = 569.984
---------------------------------------------------------------------------------
---------------------------------------------------------------------------------
Start Writing Synthesis Report
---------------------------------------------------------------------------------

Report BlackBoxes: 
+-+--------------+----------+
| |BlackBox name |Instances |
+-+--------------+----------+
+-+--------------+----------+

Report Cell Usage: 
+------+---------+------+
|      |Cell     |Count |
+------+---------+------+
|1     |BUFG     |     1|
|2     |CARRY4   |   115|
|3     |LUT1     |   317|
|4     |LUT2     |   170|
|5     |LUT3     |    88|
|6     |LUT4     |   174|
|7     |LUT5     |   178|
|8     |LUT6     |   550|
|9     |MUXF7    |    42|
|10    |MUXF8    |     1|
|11    |RAMB18E1 |     1|
|12    |FDRE     |   876|
|13    |FDSE     |     4|
|14    |IBUF     |     1|
|15    |OBUF     |     1|
+------+---------+------+

Report Instance Areas: 
+------+-------------------+----------------------+------+
|      |Instance           |Module                |Cells |
+------+-------------------+----------------------+------+
|1     |top                |                      |  2519|
|2     |  BYTE             |BYTE_VHDL             |     4|
|3     |  FILE_INPUT       |FILE_INPUT_VHDL       |  1793|
|4     |  NANY             |NANY_VHDL             |     4|
|5     |  OBYTE            |OBYTE_VHDL            |     1|
|6     |  RSET             |RSET_VHDL             |     3|
|7     |  SET              |SET_VHDL              |     4|
|8     |  STATE_CONTROLLOR |STATE_CONTROLLOR_VHDL |    26|
|9     |  STR              |STR_VHDL              |    77|
|10    |  TEXT_INPUT       |TEXT_INPUT_VHDL       |   344|
|11    |    MEMORY         |MEMORY_VHDL           |    69|
+------+-------------------+----------------------+------+
---------------------------------------------------------------------------------
Finished Writing Synthesis Report : Time (s): cpu = 00:02:14 ; elapsed = 00:02:27 . Memory (MB): peak = 740.660 ; gain = 569.984
---------------------------------------------------------------------------------
Synthesis finished with 0 errors, 0 critical warnings and 1 warnings.
Synthesis Optimization Runtime : Time (s): cpu = 00:01:32 ; elapsed = 00:02:07 . Memory (MB): peak = 740.660 ; gain = 222.008
Synthesis Optimization Complete : Time (s): cpu = 00:02:15 ; elapsed = 00:02:27 . Memory (MB): peak = 740.660 ; gain = 569.984
INFO: [Project 1-571] Translating synthesized netlist
INFO: [Netlist 29-17] Analyzing 117 Unisim elements for replacement
INFO: [Netlist 29-28] Unisim Transformation completed in 0 CPU seconds
INFO: [Project 1-570] Preparing netlist for logic optimization
INFO: [Opt 31-138] Pushed 2 inverter(s) to 63 load pin(s).
INFO: [Project 1-111] Unisim Transformation Summary:
No Unisim elements were transformed.

INFO: [Common 17-83] Releasing license: Synthesis
467 Infos, 3 Warnings, 2 Critical Warnings and 0 Errors encountered.
synth_design completed successfully
synth_design: Time (s): cpu = 00:02:16 ; elapsed = 00:02:25 . Memory (MB): peak = 740.660 ; gain = 553.262
report_utilization: Time (s): cpu = 00:00:00 ; elapsed = 00:00:00.047 . Memory (MB): peak = 740.660 ; gain = 0.000
INFO: [Common 17-206] Exiting Vivado at Sat Jan 30 19:03:57 2016...
