Copyright 1986-2015 Xilinx, Inc. All Rights Reserved.
--------------------------------------------------------------------------------------------
| Tool Version : Vivado v.2015.3 (win64) Build 1368829 Mon Sep 28 20:06:43 MDT 2015
| Date         : Sun Dec 06 16:38:27 2015
| Host         : maicuong running 64-bit major release  (build 9200)
| Command      : report_control_sets -verbose -file CONTROLLOR_VHDL_control_sets_placed.rpt
| Design       : CONTROLLOR_VHDL
| Device       : xc7z010
--------------------------------------------------------------------------------------------

Control Set Information

Table of Contents
-----------------
1. Summary
2. Flip-Flop Distribution
3. Detailed Control Set Information

1. Summary
----------

+-------------------------------------------------------------------+-------+
|                               Status                              | Count |
+-------------------------------------------------------------------+-------+
| Number of unique control sets                                     |    90 |
| Minimum Number of register sites lost to control set restrictions |   104 |
+-------------------------------------------------------------------+-------+


2. Flip-Flop Distribution
-------------------------

+--------------+-----------------------+------------------------+-----------------+--------------+
| Clock Enable | Synchronous Set/Reset | Asynchronous Set/Reset | Total Registers | Total Slices |
+--------------+-----------------------+------------------------+-----------------+--------------+
| No           | No                    | No                     |              57 |           40 |
| No           | No                    | Yes                    |               0 |            0 |
| No           | Yes                   | No                     |              14 |            5 |
| Yes          | No                    | No                     |             339 |          103 |
| Yes          | No                    | Yes                    |               0 |            0 |
| Yes          | Yes                   | No                     |             350 |          108 |
+--------------+-----------------------+------------------------+-----------------+--------------+


3. Detailed Control Set Information
-----------------------------------

+----------------+--------------------------------------+-------------------------------------+------------------+----------------+
|  Clock Signal  |             Enable Signal            |           Set/Reset Signal          | Slice Load Count | Bel Load Count |
+----------------+--------------------------------------+-------------------------------------+------------------+----------------+
|  CLK_IBUF_BUFG |                                      | start                               |                1 |              1 |
| ~CLK_IBUF_BUFG |                                      |                                     |                2 |              2 |
|  CLK_IBUF_BUFG | FILE_INPUT/call_stack[30]_15         |                                     |                3 |              7 |
|  CLK_IBUF_BUFG | FILE_INPUT/alt_stack[10]_31          | FILE_INPUT/alt_stack[10][6]_i_1_n_0 |                3 |              7 |
|  CLK_IBUF_BUFG | FILE_INPUT/BYTE_TEXT[6]_i_1_n_0      |                                     |                2 |              7 |
|  CLK_IBUF_BUFG | FILE_INPUT/call_stack[9]_25          |                                     |                2 |              7 |
|  CLK_IBUF_BUFG | FILE_INPUT/call_stack[8]_4           |                                     |                2 |              7 |
|  CLK_IBUF_BUFG | FILE_INPUT/call_stack[7]_3           |                                     |                3 |              7 |
|  CLK_IBUF_BUFG | FILE_INPUT/call_stack[6]_26          |                                     |                3 |              7 |
|  CLK_IBUF_BUFG | FILE_INPUT/call_stack[5]_2           |                                     |                2 |              7 |
|  CLK_IBUF_BUFG | FILE_INPUT/call_stack[4]_0           |                                     |                2 |              7 |
|  CLK_IBUF_BUFG | FILE_INPUT/call_stack[3]_1           |                                     |                2 |              7 |
|  CLK_IBUF_BUFG | FILE_INPUT/call_stack[20]_10         |                                     |                2 |              7 |
|  CLK_IBUF_BUFG | FILE_INPUT/call_stack[2]_27          |                                     |                3 |              7 |
|  CLK_IBUF_BUFG | FILE_INPUT/call_stack[29]_16         |                                     |                2 |              7 |
|  CLK_IBUF_BUFG | FILE_INPUT/call_stack[28]_14         |                                     |                1 |              7 |
|  CLK_IBUF_BUFG | FILE_INPUT/call_stack[27]_17         |                                     |                2 |              7 |
|  CLK_IBUF_BUFG | FILE_INPUT/call_stack[26]_13         |                                     |                1 |              7 |
|  CLK_IBUF_BUFG | FILE_INPUT/call_stack[25]_18         |                                     |                2 |              7 |
|  CLK_IBUF_BUFG | FILE_INPUT/call_stack[24]_12         |                                     |                2 |              7 |
|  CLK_IBUF_BUFG | FILE_INPUT/call_stack[23]_19         |                                     |                2 |              7 |
|  CLK_IBUF_BUFG | FILE_INPUT/call_stack[22]_11         |                                     |                2 |              7 |
|  CLK_IBUF_BUFG | FILE_INPUT/call_stack[21]_20         |                                     |                2 |              7 |
|  CLK_IBUF_BUFG | FILE_INPUT/call_stack[1][6]_i_1_n_0  |                                     |                2 |              7 |
|  CLK_IBUF_BUFG | FILE_INPUT/call_stack[19]_21         |                                     |                3 |              7 |
|  CLK_IBUF_BUFG | FILE_INPUT/call_stack[18]_9          |                                     |                2 |              7 |
|  CLK_IBUF_BUFG | FILE_INPUT/call_stack[17]_22         |                                     |                3 |              7 |
|  CLK_IBUF_BUFG | FILE_INPUT/call_stack[16]_8          |                                     |                2 |              7 |
|  CLK_IBUF_BUFG | FILE_INPUT/call_stack[15]_23         |                                     |                3 |              7 |
|  CLK_IBUF_BUFG | FILE_INPUT/call_stack[14]_7          |                                     |                2 |              7 |
|  CLK_IBUF_BUFG | FILE_INPUT/call_stack[13]_24         |                                     |                2 |              7 |
|  CLK_IBUF_BUFG | FILE_INPUT/call_stack[12]_6          |                                     |                5 |              7 |
|  CLK_IBUF_BUFG | FILE_INPUT/call_stack[11]_28         |                                     |                1 |              7 |
|  CLK_IBUF_BUFG | FILE_INPUT/call_stack[10]_5          |                                     |                3 |              7 |
|  CLK_IBUF_BUFG | FILE_INPUT/alt_stack[46]_48          | FILE_INPUT/alt_stack[46][6]_i_1_n_0 |                3 |              7 |
|  CLK_IBUF_BUFG | FILE_INPUT/alt_stack[9]_50           | FILE_INPUT/alt_stack[9][6]_i_1_n_0  |                2 |              7 |
|  CLK_IBUF_BUFG | FILE_INPUT/alt_stack[8]_47           | FILE_INPUT/alt_stack[8][6]_i_1_n_0  |                2 |              7 |
|  CLK_IBUF_BUFG | FILE_INPUT/alt_stack[7]_39           | FILE_INPUT/alt_stack[7][6]_i_1_n_0  |                1 |              7 |
|  CLK_IBUF_BUFG | FILE_INPUT/alt_stack[6]_32           | FILE_INPUT/alt_stack[6][6]_i_1_n_0  |                2 |              7 |
|  CLK_IBUF_BUFG | FILE_INPUT/alt_stack[5]_51           | FILE_INPUT/alt_stack[5][6]_i_1_n_0  |                1 |              7 |
|  CLK_IBUF_BUFG | FILE_INPUT/alt_stack[50]_44          | FILE_INPUT/alt_stack[50][6]_i_1_n_0 |                2 |              7 |
|  CLK_IBUF_BUFG | FILE_INPUT/alt_stack[4]_36           | FILE_INPUT/alt_stack[4][6]_i_1_n_0  |                2 |              7 |
|  CLK_IBUF_BUFG | FILE_INPUT/alt_stack[49]_53          | FILE_INPUT/alt_stack[49][6]_i_1_n_0 |                3 |              7 |
|  CLK_IBUF_BUFG | FILE_INPUT/alt_stack[48]_43          | FILE_INPUT/alt_stack[48][6]_i_1_n_0 |                3 |              7 |
|  CLK_IBUF_BUFG | FILE_INPUT/alt_stack[47]_65          | FILE_INPUT/alt_stack[47][6]_i_1_n_0 |                2 |              7 |
|  CLK_IBUF_BUFG | FILE_INPUT/alt_stack[36]_59          | FILE_INPUT/alt_stack[36][6]_i_1_n_0 |                2 |              7 |
|  CLK_IBUF_BUFG | FILE_INPUT/alt_stack[45]_67          | FILE_INPUT/alt_stack[45][6]_i_1_n_0 |                2 |              7 |
|  CLK_IBUF_BUFG | FILE_INPUT/alt_stack[44]_63          | FILE_INPUT/alt_stack[44][6]_i_1_n_0 |                2 |              7 |
|  CLK_IBUF_BUFG | FILE_INPUT/alt_stack[43]_68          | STR/SR[0]                           |                2 |              7 |
|  CLK_IBUF_BUFG | FILE_INPUT/alt_stack[42]_64          | FILE_INPUT/alt_stack[42][6]_i_1_n_0 |                2 |              7 |
|  CLK_IBUF_BUFG | FILE_INPUT/alt_stack[41]_61          | STR/alt_stack_reg[41][6][0]         |                2 |              7 |
|  CLK_IBUF_BUFG | FILE_INPUT/alt_stack[40]_60          | FILE_INPUT/alt_stack[40][6]_i_1_n_0 |                3 |              7 |
|  CLK_IBUF_BUFG | FILE_INPUT/alt_stack[3]_33           | FILE_INPUT/alt_stack[3][6]_i_1_n_0  |                1 |              7 |
|  CLK_IBUF_BUFG | FILE_INPUT/alt_stack[39]_66          | FILE_INPUT/alt_stack[39][6]_i_1_n_0 |                3 |              7 |
|  CLK_IBUF_BUFG | FILE_INPUT/alt_stack[38]_40          | FILE_INPUT/alt_stack[38][6]_i_1_n_0 |                2 |              7 |
|  CLK_IBUF_BUFG | FILE_INPUT/alt_stack[37]_54          | FILE_INPUT/alt_stack[37][6]_i_1_n_0 |                1 |              7 |
|  CLK_IBUF_BUFG | FILE_INPUT/alt_stack[35]_58          | FILE_INPUT/alt_stack[35][6]_i_1_n_0 |                1 |              7 |
|  CLK_IBUF_BUFG | FILE_INPUT/alt_stack[34]_34          | FILE_INPUT/alt_stack[34][6]_i_1_n_0 |                1 |              7 |
|  CLK_IBUF_BUFG | FILE_INPUT/alt_stack[33]_55          | FILE_INPUT/alt_stack[33][6]_i_1_n_0 |                2 |              7 |
|  CLK_IBUF_BUFG | FILE_INPUT/alt_stack[32]_57          | FILE_INPUT/alt_stack[32][6]_i_1_n_0 |                2 |              7 |
|  CLK_IBUF_BUFG | FILE_INPUT/alt_stack[31]_42          | FILE_INPUT/alt_stack[31][6]_i_1_n_0 |                5 |              7 |
|  CLK_IBUF_BUFG | FILE_INPUT/alt_stack[30]_69          | FILE_INPUT/alt_stack[30][6]_i_1_n_0 |                2 |              7 |
|  CLK_IBUF_BUFG | FILE_INPUT/alt_stack[2]_29           | FILE_INPUT/alt_stack[2][6]_i_1_n_0  |                2 |              7 |
|  CLK_IBUF_BUFG | FILE_INPUT/alt_stack[29]_70          | FILE_INPUT/alt_stack[29][6]_i_1_n_0 |                2 |              7 |
|  CLK_IBUF_BUFG | FILE_INPUT/alt_stack[28]_71          | FILE_INPUT/alt_stack[28][6]_i_1_n_0 |                2 |              7 |
|  CLK_IBUF_BUFG | FILE_INPUT/alt_stack[27]_62          | FILE_INPUT/alt_stack[27][6]_i_1_n_0 |                2 |              7 |
|  CLK_IBUF_BUFG | FILE_INPUT/alt_stack[26]_72          | FILE_INPUT/alt_stack[26][6]_i_1_n_0 |                2 |              7 |
|  CLK_IBUF_BUFG | FILE_INPUT/alt_stack[25]_73          | FILE_INPUT/alt_stack[25][6]_i_1_n_0 |                2 |              7 |
|  CLK_IBUF_BUFG | FILE_INPUT/alt_stack[24]_45          | FILE_INPUT/alt_stack[24][6]_i_1_n_0 |                3 |              7 |
|  CLK_IBUF_BUFG | FILE_INPUT/alt_stack[23]_74          | FILE_INPUT/alt_stack[23][6]_i_1_n_0 |                2 |              7 |
|  CLK_IBUF_BUFG | FILE_INPUT/alt_stack[22]_37          | FILE_INPUT/alt_stack[22][6]_i_1_n_0 |                2 |              7 |
|  CLK_IBUF_BUFG | FILE_INPUT/alt_stack[21]_56          | FILE_INPUT/alt_stack[21][6]_i_1_n_0 |                2 |              7 |
|  CLK_IBUF_BUFG | FILE_INPUT/alt_stack[20]_35          | FILE_INPUT/alt_stack[20][6]_i_1_n_0 |                2 |              7 |
|  CLK_IBUF_BUFG | FILE_INPUT/alt_stack[1][6]_i_2_n_0   | FILE_INPUT/alt_stack[1][6]_i_1_n_0  |                1 |              7 |
|  CLK_IBUF_BUFG | FILE_INPUT/alt_stack[19]_75          | FILE_INPUT/alt_stack[19][6]_i_1_n_0 |                3 |              7 |
|  CLK_IBUF_BUFG | FILE_INPUT/alt_stack[18]_30          | FILE_INPUT/alt_stack[18][6]_i_1_n_0 |                3 |              7 |
|  CLK_IBUF_BUFG | FILE_INPUT/alt_stack[17]_49          | FILE_INPUT/alt_stack[17][6]_i_1_n_0 |                2 |              7 |
|  CLK_IBUF_BUFG | FILE_INPUT/alt_stack[16]_41          | FILE_INPUT/alt_stack[16][6]_i_1_n_0 |                3 |              7 |
|  CLK_IBUF_BUFG | FILE_INPUT/alt_stack[15]_46          | FILE_INPUT/alt_stack[15][6]_i_1_n_0 |                2 |              7 |
|  CLK_IBUF_BUFG | FILE_INPUT/alt_stack[14]_38          | FILE_INPUT/alt_stack[14][6]_i_1_n_0 |                4 |              7 |
|  CLK_IBUF_BUFG | FILE_INPUT/alt_stack[13]_52          | FILE_INPUT/alt_stack[13][6]_i_1_n_0 |                2 |              7 |
|  CLK_IBUF_BUFG | FILE_INPUT/alt_stack[12][6]_i_2_n_0  | FILE_INPUT/alt_stack[12][6]_i_1_n_0 |                2 |              7 |
|  CLK_IBUF_BUFG | FILE_INPUT/alt_stack[11]_76          | FILE_INPUT/alt_stack[11][6]_i_1_n_0 |                2 |              7 |
|  CLK_IBUF_BUFG |                                      | RSET/trg_array_reg[19]              |                4 |             13 |
|  CLK_IBUF_BUFG | FILE_INPUT/STR_TEXT[1][6]_i_1_n_0    |                                     |                3 |             14 |
|  CLK_IBUF_BUFG | FILE_INPUT/SET_TEXT_START[6]_i_1_n_0 |                                     |                6 |             14 |
|  CLK_IBUF_BUFG | FILE_INPUT/call_top                  |                                     |                8 |             31 |
|  CLK_IBUF_BUFG | FILE_INPUT/alt_top[0]_i_1_n_0        |                                     |                8 |             31 |
| ~CLK_IBUF_BUFG | sel                                  |                                     |                8 |             32 |
|  CLK_IBUF_BUFG |                                      |                                     |               38 |             55 |
+----------------+--------------------------------------+-------------------------------------+------------------+----------------+


